<?xml version="1.0" encoding="UTF-8"?>
<!-- Generated by org.testng.reporters.JUnitReportReporter -->
<testsuite hostname="LAPTOP-9060GQE8" failures="0" tests="7" name="com.BHEd.Tests.AgeCriteriaForMaleApplicant" time="323.106" errors="0" timestamp="2021-08-23T19:57:48 IST" skipped="0">
  <testcase classname="com.BHEd.Tests.AgeCriteriaForMaleApplicant" name="Login" time="14.775"/>
  <system-out/>
  <testcase classname="com.BHEd.Tests.AgeCriteriaForMaleApplicant" name="UnreservedMaleApplicantBornBeforeAgeAsOn" time="20.908"/>
  <system-out/>
  <testcase classname="com.BHEd.Tests.AgeCriteriaForMaleApplicant" name="PWDMaleApplicantBornBeforeAgeAsOn" time="25.405"/>
  <system-out/>
  <testcase classname="com.BHEd.Tests.AgeCriteriaForMaleApplicant" name="UnreservedMaleApplicantBornOnAgeAsOn" time="62.328"/>
  <system-out/>
  <testcase classname="com.BHEd.Tests.AgeCriteriaForMaleApplicant" name="PWDMaleApplicantBornOnAgeAsOn" time="69.008"/>
  <system-out/>
  <testcase classname="com.BHEd.Tests.AgeCriteriaForMaleApplicant" name="UnReservedMaleApplicantBornAfterAgeAsOn" time="62.981"/>
  <system-out/>
  <testcase classname="com.BHEd.Tests.AgeCriteriaForMaleApplicant" name="PWDMaleApplicantBornAfterAgeAsOn" time="67.701"/>
  <system-out/>
</testsuite> <!-- com.BHEd.Tests.AgeCriteriaForMaleApplicant -->
