<?xml version="1.0" encoding="UTF-8"?>
<!-- Generated by org.testng.reporters.JUnitReportReporter -->
<testsuite skipped="0" hostname="LAPTOP-O7SD66MO" name="com.DElEd.Tests.AgeCriteriaForSCApplicants" tests="7" failures="0" timestamp="2021-01-12T15:20:47 IST" time="213.962" errors="0">
  <testcase name="Login" time="15.084" classname="com.DElEd.Tests.AgeCriteriaForSCApplicants"/>
  <system-out/>
  <testcase name="SCApplicantBornBeforeAgeAsOn" time="21.101" classname="com.DElEd.Tests.AgeCriteriaForSCApplicants"/>
  <system-out/>
  <testcase name="PWDSCApplicantBornBeforeAgeAsOn" time="18.018" classname="com.DElEd.Tests.AgeCriteriaForSCApplicants"/>
  <system-out/>
  <testcase name="SCApplicantBornOnAgeAsOn" time="38.933" classname="com.DElEd.Tests.AgeCriteriaForSCApplicants"/>
  <system-out/>
  <testcase name="PWDSCApplicantBornOnAgeAsOn" time="40.864" classname="com.DElEd.Tests.AgeCriteriaForSCApplicants"/>
  <system-out/>
  <testcase name="SCApplicantBornAfterAgeAsOn" time="37.062" classname="com.DElEd.Tests.AgeCriteriaForSCApplicants"/>
  <system-out/>
  <testcase name="PWDSCApplicantBornAfterAgeAsOn" time="42.900" classname="com.DElEd.Tests.AgeCriteriaForSCApplicants"/>
  <system-out/>
</testsuite> <!-- com.DElEd.Tests.AgeCriteriaForSCApplicants -->
