<?xml version="1.0" encoding="UTF-8"?>
<!-- Generated by org.testng.reporters.JUnitReportReporter -->
<testsuite hostname="LAPTOP-9060GQE8" failures="0" tests="7" name="com.BHEd.Tests.AgeCriteriaForSCApplicants" time="321.997" errors="0" timestamp="2021-08-23T19:57:48 IST" skipped="0">
  <testcase classname="com.BHEd.Tests.AgeCriteriaForSCApplicants" name="Login" time="14.814"/>
  <system-out/>
  <testcase classname="com.BHEd.Tests.AgeCriteriaForSCApplicants" name="SCApplicantBornBeforeAgeAsOn" time="20.955"/>
  <system-out/>
  <testcase classname="com.BHEd.Tests.AgeCriteriaForSCApplicants" name="PWDSCApplicantBornBeforeAgeAsOn" time="26.051"/>
  <system-out/>
  <testcase classname="com.BHEd.Tests.AgeCriteriaForSCApplicants" name="SCApplicantBornOnAgeAsOn" time="62.242"/>
  <system-out/>
  <testcase classname="com.BHEd.Tests.AgeCriteriaForSCApplicants" name="PWDSCApplicantBornOnAgeAsOn" time="67.583"/>
  <system-out/>
  <testcase classname="com.BHEd.Tests.AgeCriteriaForSCApplicants" name="SCApplicantBornAfterAgeAsOn" time="62.640"/>
  <system-out/>
  <testcase classname="com.BHEd.Tests.AgeCriteriaForSCApplicants" name="PWDSCApplicantBornAfterAgeAsOn" time="67.712"/>
  <system-out/>
</testsuite> <!-- com.BHEd.Tests.AgeCriteriaForSCApplicants -->
