<?xml version="1.0" encoding="UTF-8"?>
<!-- Generated by org.testng.reporters.JUnitReportReporter -->
<testsuite hostname="CSMBHUD299" failures="0" tests="5" name="com.BEd.Tests.ApplyingCAFByEachGraduates" time="224.364" errors="0" timestamp="2021-03-23T12:56:44 IST" skipped="0">
  <testcase classname="com.BEd.Tests.ApplyingCAFByEachGraduates" name="Login" time="15.846"/>
  <system-out/>
  <testcase classname="com.BEd.Tests.ApplyingCAFByEachGraduates" name="ApplyingCAFByArtsGraduate" time="54.193"/>
  <system-out/>
  <testcase classname="com.BEd.Tests.ApplyingCAFByEachGraduates" name="ApplyingCAFByScienceGraduate" time="60.738"/>
  <system-out/>
  <testcase classname="com.BEd.Tests.ApplyingCAFByEachGraduates" name="ApplyingCAFByBtechGraduate" time="55.338"/>
  <system-out/>
  <testcase classname="com.BEd.Tests.ApplyingCAFByEachGraduates" name="ApplyingCAFByBtechLateralGraduate" time="38.249"/>
  <system-out/>
</testsuite> <!-- com.BEd.Tests.ApplyingCAFByEachGraduates -->
