<?xml version="1.0" encoding="UTF-8"?>
<!-- Generated by org.testng.reporters.JUnitReportReporter -->
<testsuite skipped="0" hostname="LAPTOP-O7SD66MO" name="com.DElEd.Tests.ExServiceman" tests="5" failures="0" timestamp="2021-01-12T15:20:47 IST" time="134.048" errors="0">
  <testcase name="Login" time="15.187" classname="com.DElEd.Tests.ExServiceman"/>
  <system-out/>
  <testcase name="ExServicemanCertified" time="40.679" classname="com.DElEd.Tests.ExServiceman"/>
  <system-out/>
  <testcase name="ExServicemanNotCertified" time="19.864" classname="com.DElEd.Tests.ExServiceman"/>
  <system-out/>
  <testcase name="UnmarriedDaughterOfExServiceman" time="38.536" classname="com.DElEd.Tests.ExServiceman"/>
  <system-out/>
  <testcase name="MarriedDaughterOfExServiceman" time="19.782" classname="com.DElEd.Tests.ExServiceman"/>
  <system-out/>
</testsuite> <!-- com.DElEd.Tests.ExServiceman -->
