<?xml version="1.0" encoding="UTF-8"?>
<!-- Generated by org.testng.reporters.JUnitReportReporter -->
<testsuite hostname="CSMBHUD299" failures="0" tests="7" name="com.BEd.Tests.AgeCriteriaForSTApplicants" time="318.790" errors="0" timestamp="2021-03-23T12:56:45 IST" skipped="0">
  <testcase classname="com.BEd.Tests.AgeCriteriaForSTApplicants" name="Login" time="16.837"/>
  <system-out/>
  <testcase classname="com.BEd.Tests.AgeCriteriaForSTApplicants" name="STApplicantBornBeforeAgeAsOn" time="21.097"/>
  <system-out/>
  <testcase classname="com.BEd.Tests.AgeCriteriaForSTApplicants" name="PWDSTApplicantBornBeforeAgeAsOn" time="25.741"/>
  <system-out/>
  <testcase classname="com.BEd.Tests.AgeCriteriaForSTApplicants" name="STApplicantBornOnAgeAsOn" time="60.770"/>
  <system-out/>
  <testcase classname="com.BEd.Tests.AgeCriteriaForSTApplicants" name="PWDSTApplicantBornOnAgeAsOn" time="66.506"/>
  <system-out/>
  <testcase classname="com.BEd.Tests.AgeCriteriaForSTApplicants" name="STApplicantBornAfterAgeAsOn" time="61.125"/>
  <system-out/>
  <testcase classname="com.BEd.Tests.AgeCriteriaForSTApplicants" name="PWDSTApplicantBornAfterAgeAsOn" time="66.714"/>
  <system-out/>
</testsuite> <!-- com.BEd.Tests.AgeCriteriaForSTApplicants -->
