<?xml version="1.0" encoding="UTF-8"?>
<!-- Generated by org.testng.reporters.JUnitReportReporter -->
<testsuite skipped="0" hostname="LAPTOP-O7SD66MO" name="com.DElEd.Tests.OlichikiSantaliQuota" tests="4" failures="0" timestamp="2021-01-12T15:20:47 IST" time="94.921" errors="0">
  <testcase name="Login" time="15.273" classname="com.DElEd.Tests.OlichikiSantaliQuota"/>
  <system-out/>
  <testcase name="OlichikiSantaliQuotaWithOlichikiSantali" time="38.932" classname="com.DElEd.Tests.OlichikiSantaliQuota"/>
  <system-out/>
  <testcase name="OlichikiSantaliQuotaWithoutOlichikiSantali" time="20.912" classname="com.DElEd.Tests.OlichikiSantaliQuota"/>
  <system-out/>
  <testcase name="OlichikiSantaliQuotaForOOTCandidates" time="19.804" classname="com.DElEd.Tests.OlichikiSantaliQuota"/>
  <system-out/>
</testsuite> <!-- com.DElEd.Tests.OlichikiSantaliQuota -->
