<?xml version="1.0" encoding="UTF-8"?>
<!-- Generated by org.testng.reporters.JUnitReportReporter -->
<testsuite hostname="CSMBHUD299" failures="0" tests="5" name="com.BEd.Tests.YOPComparisons10th12th" time="250.576" errors="0" timestamp="2021-03-23T12:56:45 IST" skipped="0">
  <testcase classname="com.BEd.Tests.YOPComparisons10th12th" name="Login" time="16.006"/>
  <system-out/>
  <testcase classname="com.BEd.Tests.YOPComparisons10th12th" name="YOPBetween10thAnd12thWithValidData" time="53.166"/>
  <system-out/>
  <testcase classname="com.BEd.Tests.YOPComparisons10th12th" name="YOPBetween10thAnd12thWithDiffLessThan2years" time="60.793"/>
  <system-out/>
  <testcase classname="com.BEd.Tests.YOPComparisons10th12th" name="YOPBetween10thAnd12thWithIdenticalData" time="59.814"/>
  <system-out/>
  <testcase classname="com.BEd.Tests.YOPComparisons10th12th" name="YOPBetween10thAnd12thWithInvalidData" time="60.797"/>
  <system-out/>
</testsuite> <!-- com.BEd.Tests.YOPComparisons10th12th -->
