<?xml version="1.0" encoding="UTF-8"?>
<!-- Generated by org.testng.reporters.JUnitReportReporter -->
<testsuite hostname="LAPTOP-9060GQE8" failures="0" tests="5" name="com.BHEd.Tests.YOPComparisons10th12th" time="259.614" errors="0" timestamp="2021-08-23T19:57:48 IST" skipped="0">
  <testcase classname="com.BHEd.Tests.YOPComparisons10th12th" name="Login" time="15.374"/>
  <system-out/>
  <testcase classname="com.BHEd.Tests.YOPComparisons10th12th" name="YOPBetween10thAnd12thWithValidData" time="55.318"/>
  <system-out/>
  <testcase classname="com.BHEd.Tests.YOPComparisons10th12th" name="YOPBetween10thAnd12thWithDiffLessThan2years" time="62.934"/>
  <system-out/>
  <testcase classname="com.BHEd.Tests.YOPComparisons10th12th" name="YOPBetween10thAnd12thWithIdenticalData" time="62.948"/>
  <system-out/>
  <testcase classname="com.BHEd.Tests.YOPComparisons10th12th" name="YOPBetween10thAnd12thWithInvalidData" time="63.040"/>
  <system-out/>
</testsuite> <!-- com.BHEd.Tests.YOPComparisons10th12th -->
