<?xml version="1.0" encoding="UTF-8"?>
<!-- Generated by org.testng.reporters.JUnitReportReporter -->
<testsuite hostname="LAPTOP-9060GQE8" failures="0" tests="9" name="com.BHEd.Tests.EligibilityCriteriaForGeneralCGPA" time="434.161" errors="0" timestamp="2021-08-23T19:57:48 IST" skipped="0">
  <testcase classname="com.BHEd.Tests.EligibilityCriteriaForGeneralCGPA" name="Login" time="15.270"/>
  <system-out/>
  <testcase classname="com.BHEd.Tests.EligibilityCriteriaForGeneralCGPA" name="HindiHonoursPassElectiveWithMoreThan50Percentage" time="43.017"/>
  <system-out/>
  <testcase classname="com.BHEd.Tests.EligibilityCriteriaForGeneralCGPA" name="HindiHonoursPassElectiveWithLessThan50Percentage" time="51.922"/>
  <system-out/>
  <testcase classname="com.BHEd.Tests.EligibilityCriteriaForGeneralCGPA" name="RastraBhasaRatnaWithMoreThan50Percentage" time="51.380"/>
  <system-out/>
  <testcase classname="com.BHEd.Tests.EligibilityCriteriaForGeneralCGPA" name="RastraBhasaRatnaWithLessThan50Percentage" time="57.528"/>
  <system-out/>
  <testcase classname="com.BHEd.Tests.EligibilityCriteriaForGeneralCGPA" name="ShastriFromOdishaWithMoreThan50Percentage" time="50.650"/>
  <system-out/>
  <testcase classname="com.BHEd.Tests.EligibilityCriteriaForGeneralCGPA" name="ShastriFromOdishaWithLessThan50Percentage" time="57.081"/>
  <system-out/>
  <testcase classname="com.BHEd.Tests.EligibilityCriteriaForGeneralCGPA" name="SnatakWithMoreThan50Percentage" time="50.401"/>
  <system-out/>
  <testcase classname="com.BHEd.Tests.EligibilityCriteriaForGeneralCGPA" name="SnatakWithLessThan50Percentage" time="56.912"/>
  <system-out/>
</testsuite> <!-- com.BHEd.Tests.EligibilityCriteriaForGeneralCGPA -->
