<?xml version="1.0" encoding="UTF-8"?>
<!-- Generated by org.testng.reporters.JUnitReportReporter -->
<testsuite hostname="LAPTOP-9060GQE8" failures="0" tests="9" name="com.BHEd.Tests.EligibilityCriteriaForSEBCMarks" time="462.578" errors="0" timestamp="2021-08-23T19:57:48 IST" skipped="0">
  <testcase classname="com.BHEd.Tests.EligibilityCriteriaForSEBCMarks" name="Login" time="14.844"/>
  <system-out/>
  <testcase classname="com.BHEd.Tests.EligibilityCriteriaForSEBCMarks" name="HindiHonoursPassElectiveWithMoreThan45Percentage" time="46.169"/>
  <system-out/>
  <testcase classname="com.BHEd.Tests.EligibilityCriteriaForSEBCMarks" name="HindiHonoursPassElectiveWithLessThan45Percentage" time="55.075"/>
  <system-out/>
  <testcase classname="com.BHEd.Tests.EligibilityCriteriaForSEBCMarks" name="RastraBhasaRatnaWithMoreThan50Percentage" time="54.633"/>
  <system-out/>
  <testcase classname="com.BHEd.Tests.EligibilityCriteriaForSEBCMarks" name="RastraBhasaRatnaWithLessThan50Percentage" time="61.560"/>
  <system-out/>
  <testcase classname="com.BHEd.Tests.EligibilityCriteriaForSEBCMarks" name="ShastriFromOdishaWithMoreThan50Percentage" time="53.863"/>
  <system-out/>
  <testcase classname="com.BHEd.Tests.EligibilityCriteriaForSEBCMarks" name="ShastriFromOdishaWithLessThan50Percentage" time="61.329"/>
  <system-out/>
  <testcase classname="com.BHEd.Tests.EligibilityCriteriaForSEBCMarks" name="SnatakWithMoreThan45Percentage" time="53.601"/>
  <system-out/>
  <testcase classname="com.BHEd.Tests.EligibilityCriteriaForSEBCMarks" name="SnatakWithLessThan45Percentage" time="61.504"/>
  <system-out/>
</testsuite> <!-- com.BHEd.Tests.EligibilityCriteriaForSEBCMarks -->
