<?xml version="1.0" encoding="UTF-8"?>
<!-- Generated by org.testng.reporters.JUnitReportReporter -->
<testsuite skipped="0" hostname="LAPTOP-O7SD66MO" name="com.DElEd.Tests.BIETQuota" tests="3" failures="0" timestamp="2021-01-08T09:59:31 IST" time="260.663" errors="0">
  <testcase name="Login" time="20.814" classname="com.DElEd.Tests.BIETQuota"/>
  <system-out/>
  <testcase name="BIETQuotaForSCCandidatesResiding" time="120.537" classname="com.DElEd.Tests.BIETQuota"/>
  <system-out/>
  <testcase name="BIETQuotaForSTCandidatesResiding" time="119.312" classname="com.DElEd.Tests.BIETQuota"/>
  <system-out/>
</testsuite> <!-- com.DElEd.Tests.BIETQuota -->
