<?xml version="1.0" encoding="UTF-8"?>
<!-- Generated by org.testng.reporters.JUnitReportReporter -->
<testsuite hostname="LAPTOP-9060GQE8" failures="0" tests="9" name="com.BHEd.Tests.EligibilityCriteriaForSTMarks" time="476.269" errors="0" timestamp="2021-08-23T19:57:48 IST" skipped="0">
  <testcase classname="com.BHEd.Tests.EligibilityCriteriaForSTMarks" name="Login" time="15.733"/>
  <system-out/>
  <testcase classname="com.BHEd.Tests.EligibilityCriteriaForSTMarks" name="HindiHonoursPassElectiveWithMoreThan45Percentage" time="48.152"/>
  <system-out/>
  <testcase classname="com.BHEd.Tests.EligibilityCriteriaForSTMarks" name="HindiHonoursPassElectiveWithLessThan45Percentage" time="57.227"/>
  <system-out/>
  <testcase classname="com.BHEd.Tests.EligibilityCriteriaForSTMarks" name="RastraBhasaRatnaWithMoreThan50Percentage" time="56.867"/>
  <system-out/>
  <testcase classname="com.BHEd.Tests.EligibilityCriteriaForSTMarks" name="RastraBhasaRatnaWithLessThan50Percentage" time="63.856"/>
  <system-out/>
  <testcase classname="com.BHEd.Tests.EligibilityCriteriaForSTMarks" name="ShastriFromOdishaWithMoreThan50Percentage" time="56.351"/>
  <system-out/>
  <testcase classname="com.BHEd.Tests.EligibilityCriteriaForSTMarks" name="ShastriFromOdishaWithLessThan50Percentage" time="63.071"/>
  <system-out/>
  <testcase classname="com.BHEd.Tests.EligibilityCriteriaForSTMarks" name="SnatakWithMoreThan45Percentage" time="53.743"/>
  <system-out/>
  <testcase classname="com.BHEd.Tests.EligibilityCriteriaForSTMarks" name="SnatakWithLessThan45Percentage" time="61.269"/>
  <system-out/>
</testsuite> <!-- com.BHEd.Tests.EligibilityCriteriaForSTMarks -->
