<?xml version="1.0" encoding="UTF-8"?>
<!-- Generated by org.testng.reporters.JUnitReportReporter -->
<testsuite hostname="CSMBHUD299" failures="0" tests="7" name="com.BEd.Tests.AgeCriteriaForSEBCMaleApplicants" time="317.172" errors="0" timestamp="2021-03-23T12:56:44 IST" skipped="0">
  <testcase classname="com.BEd.Tests.AgeCriteriaForSEBCMaleApplicants" name="Login" time="15.861"/>
  <system-out/>
  <testcase classname="com.BEd.Tests.AgeCriteriaForSEBCMaleApplicants" name="SEBCApplicantBornBeforeAgeAsOn" time="21.115"/>
  <system-out/>
  <testcase classname="com.BEd.Tests.AgeCriteriaForSEBCMaleApplicants" name="PWDSEBCApplicantBornBeforeAgeAsOn" time="25.607"/>
  <system-out/>
  <testcase classname="com.BEd.Tests.AgeCriteriaForSEBCMaleApplicants" name="SEBCApplicantBornOnAgeAsOn" time="60.734"/>
  <system-out/>
  <testcase classname="com.BEd.Tests.AgeCriteriaForSEBCMaleApplicants" name="PWDSEBCApplicantBornOnAgeAsOn" time="66.247"/>
  <system-out/>
  <testcase classname="com.BEd.Tests.AgeCriteriaForSEBCMaleApplicants" name="SEBCApplicantBornAfterAgeAsOn" time="61.369"/>
  <system-out/>
  <testcase classname="com.BEd.Tests.AgeCriteriaForSEBCMaleApplicants" name="PWDSEBCApplicantBornAfterAgeAsOn" time="66.239"/>
  <system-out/>
</testsuite> <!-- com.BEd.Tests.AgeCriteriaForSEBCMaleApplicants -->
