<?xml version="1.0" encoding="UTF-8"?>
<!-- Generated by org.testng.reporters.JUnitReportReporter -->
<testsuite hostname="CSMBHUD299" failures="0" tests="7" name="com.BEd.Tests.EligibilityCriteriaForPH" time="374.832" errors="0" timestamp="2021-03-23T12:56:44 IST" skipped="0">
  <testcase classname="com.BEd.Tests.EligibilityCriteriaForPH" name="Login" time="17.313"/>
  <system-out/>
  <testcase classname="com.BEd.Tests.EligibilityCriteriaForPH" name="ArtsWithMoreThan45PercentageInGraduation" time="50.757"/>
  <system-out/>
  <testcase classname="com.BEd.Tests.EligibilityCriteriaForPH" name="ArtsWithLessThan45PercentageInGraduation" time="60.578"/>
  <system-out/>
  <testcase classname="com.BEd.Tests.EligibilityCriteriaForPH" name="ScienceWithMoreThan45PercentageInPG" time="63.748"/>
  <system-out/>
  <testcase classname="com.BEd.Tests.EligibilityCriteriaForPH" name="ScienceWithLessThan45PercentageInPG" time="64.840"/>
  <system-out/>
  <testcase classname="com.BEd.Tests.EligibilityCriteriaForPH" name="BtechWithMoreThan50Percentage" time="58.232"/>
  <system-out/>
  <testcase classname="com.BEd.Tests.EligibilityCriteriaForPH" name="BtechWithLessThan55Percentage" time="59.364"/>
  <system-out/>
</testsuite> <!-- com.BEd.Tests.EligibilityCriteriaForPH -->
