<?xml version="1.0" encoding="UTF-8"?>
<!-- Generated by org.testng.reporters.JUnitReportReporter -->
<testsuite hostname="LAPTOP-9060GQE8" failures="0" tests="5" name="com.BHEd.Tests.YOPComparisons12thGraduation" time="259.024" errors="0" timestamp="2021-08-23T19:57:48 IST" skipped="0">
  <testcase classname="com.BHEd.Tests.YOPComparisons12thGraduation" name="Login" time="14.687"/>
  <system-out/>
  <testcase classname="com.BHEd.Tests.YOPComparisons12thGraduation" name="YOPBetween12thAndGraduationWithValidData" time="55.091"/>
  <system-out/>
  <testcase classname="com.BHEd.Tests.YOPComparisons12thGraduation" name="YOPBetween12thAndGraduationWithIdenticalData" time="63.012"/>
  <system-out/>
  <testcase classname="com.BHEd.Tests.YOPComparisons12thGraduation" name="YOPBetween12thAndGraduationWithDiffLessThan3years" time="63.227"/>
  <system-out/>
  <testcase classname="com.BHEd.Tests.YOPComparisons12thGraduation" name="YOPBetween12thAndGraduationWithInvalidData" time="63.007"/>
  <system-out/>
</testsuite> <!-- com.BHEd.Tests.YOPComparisons12thGraduation -->
