<?xml version="1.0" encoding="UTF-8"?>
<!-- Generated by org.testng.reporters.JUnitReportReporter -->
<testsuite skipped="0" hostname="LAPTOP-O7SD66MO" name="com.DElEd.Tests.AgeCriteriaForSTApplicants" tests="7" failures="0" timestamp="2021-01-12T15:20:47 IST" time="213.841" errors="0">
  <testcase name="Login" time="15.161" classname="com.DElEd.Tests.AgeCriteriaForSTApplicants"/>
  <system-out/>
  <testcase name="STApplicantBornBeforeAgeAsOn" time="21.101" classname="com.DElEd.Tests.AgeCriteriaForSTApplicants"/>
  <system-out/>
  <testcase name="PWDSTApplicantBornBeforeAgeAsOn" time="17.945" classname="com.DElEd.Tests.AgeCriteriaForSTApplicants"/>
  <system-out/>
  <testcase name="STApplicantBornOnAgeAsOn" time="38.875" classname="com.DElEd.Tests.AgeCriteriaForSTApplicants"/>
  <system-out/>
  <testcase name="PWDSTApplicantBornOnAgeAsOn" time="40.861" classname="com.DElEd.Tests.AgeCriteriaForSTApplicants"/>
  <system-out/>
  <testcase name="STApplicantBornAfterAgeAsOn" time="36.963" classname="com.DElEd.Tests.AgeCriteriaForSTApplicants"/>
  <system-out/>
  <testcase name="PWDSTApplicantBornAfterAgeAsOn" time="42.935" classname="com.DElEd.Tests.AgeCriteriaForSTApplicants"/>
  <system-out/>
</testsuite> <!-- com.DElEd.Tests.AgeCriteriaForSTApplicants -->
