<?xml version="1.0" encoding="UTF-8"?>
<!-- Generated by org.testng.reporters.JUnitReportReporter -->
<testsuite hostname="CSMBHUD299" failures="0" tests="4" name="com.BEd.Tests.LocomotorDisabilityValidations" time="135.920" errors="0" timestamp="2021-03-23T12:56:45 IST" skipped="0">
  <testcase classname="com.BEd.Tests.LocomotorDisabilityValidations" name="Login" time="17.427"/>
  <system-out/>
  <testcase classname="com.BEd.Tests.LocomotorDisabilityValidations" name="LocomotorDisabilityWithLessThan40Percentage" time="22.790"/>
  <system-out/>
  <testcase classname="com.BEd.Tests.LocomotorDisabilityValidations" name="LocomotorDisabilityBetween40To100Percentage" time="65.254"/>
  <system-out/>
  <testcase classname="com.BEd.Tests.LocomotorDisabilityValidations" name="LocomotorDisabilityWithMoreThan100Percentage" time="30.449"/>
  <system-out/>
</testsuite> <!-- com.BEd.Tests.LocomotorDisabilityValidations -->
