<?xml version="1.0" encoding="UTF-8"?>
<!-- Generated by org.testng.reporters.JUnitReportReporter -->
<testsuite skipped="0" hostname="LAPTOP-O7SD66MO" name="com.BEd.Tests.ScienceStreamValdation" tests="4" failures="0" timestamp="2021-01-18T13:32:59 IST" time="127.816" errors="0">
  <testcase name="Login" time="16.645" classname="com.BEd.Tests.ScienceStreamValdation"/>
  <system-out/>
  <testcase name="DisabilityOfPCMWithScience" time="31.014" classname="com.BEd.Tests.ScienceStreamValdation"/>
  <system-out/>
  <testcase name="PopulationOfBtech" time="38.888" classname="com.BEd.Tests.ScienceStreamValdation"/>
  <system-out/>
  <testcase name="DuplicateSubject" time="41.269" classname="com.BEd.Tests.ScienceStreamValdation"/>
  <system-out/>
</testsuite> <!-- com.BEd.Tests.ScienceStreamValdation -->
