<?xml version="1.0" encoding="UTF-8"?>
<!-- Generated by org.testng.reporters.JUnitReportReporter -->
<testsuite skipped="0" hostname="LAPTOP-O7SD66MO" name="com.DElEd.Tests.Rough" tests="2" failures="0" timestamp="2021-01-04T17:58:49 IST" time="56.060" errors="0">
  <testcase name="Login" time="12.501" classname="com.DElEd.Tests.Rough"/>
  <system-out/>
  <testcase name="UnmarriedDaughterOfExServiceman" time="43.559" classname="com.DElEd.Tests.Rough"/>
  <system-out/>
</testsuite> <!-- com.DElEd.Tests.Rough -->
