<?xml version="1.0" encoding="UTF-8"?>
<!-- Generated by org.testng.reporters.JUnitReportReporter -->
<testsuite skipped="0" hostname="LAPTOP-O7SD66MO" name="com.DElEd.Tests.KandhamalQuota" tests="4" failures="0" timestamp="2021-01-12T15:20:47 IST" time="94.724" errors="0">
  <testcase name="Login" time="15.169" classname="com.DElEd.Tests.KandhamalQuota"/>
  <system-out/>
  <testcase name="KandhamalQuotaForKandhamalResidingCandidates" time="37.778" classname="com.DElEd.Tests.KandhamalQuota"/>
  <system-out/>
  <testcase name="KandhamalQuotaForKandhamalNonResidingCandidates" time="21.894" classname="com.DElEd.Tests.KandhamalQuota"/>
  <system-out/>
  <testcase name="KandhamalQuotaForOOTCandidates" time="19.883" classname="com.DElEd.Tests.KandhamalQuota"/>
  <system-out/>
</testsuite> <!-- com.DElEd.Tests.KandhamalQuota -->
