<?xml version="1.0" encoding="UTF-8"?>
<!-- Generated by org.testng.reporters.JUnitReportReporter -->
<testsuite skipped="0" hostname="LAPTOP-O7SD66MO" name="com.DElEd.Tests.AgeCriteriaForFemaleApplicants" tests="7" failures="0" timestamp="2021-01-12T15:20:47 IST" time="214.038" errors="0">
  <testcase name="Login" time="15.191" classname="com.DElEd.Tests.AgeCriteriaForFemaleApplicants"/>
  <system-out/>
  <testcase name="FemaleApplicantBornBeforeAgeAsOn" time="21.164" classname="com.DElEd.Tests.AgeCriteriaForFemaleApplicants"/>
  <system-out/>
  <testcase name="PWDFemaleApplicantBornBeforeAgeAsOn" time="17.978" classname="com.DElEd.Tests.AgeCriteriaForFemaleApplicants"/>
  <system-out/>
  <testcase name="FemaleApplicantBornOnAgeAsOn" time="38.917" classname="com.DElEd.Tests.AgeCriteriaForFemaleApplicants"/>
  <system-out/>
  <testcase name="PWDFemaleApplicantBornOnAgeAsOn" time="40.866" classname="com.DElEd.Tests.AgeCriteriaForFemaleApplicants"/>
  <system-out/>
  <testcase name="FemaleApplicantBornAfterAgeAsOn" time="36.930" classname="com.DElEd.Tests.AgeCriteriaForFemaleApplicants"/>
  <system-out/>
  <testcase name="PWDFemaleApplicantBornAfterAgeAsOn" time="42.992" classname="com.DElEd.Tests.AgeCriteriaForFemaleApplicants"/>
  <system-out/>
</testsuite> <!-- com.DElEd.Tests.AgeCriteriaForFemaleApplicants -->
