<?xml version="1.0" encoding="UTF-8"?>
<!-- Generated by org.testng.reporters.JUnitReportReporter -->
<testsuite hostname="CSMBHUD299" failures="0" tests="8" name="com.BEd.Tests.KandhamalQuota" time="272.243" errors="0" timestamp="2021-03-23T12:56:44 IST" skipped="0">
  <testcase classname="com.BEd.Tests.KandhamalQuota" name="Login" time="16.161"/>
  <system-out/>
  <testcase classname="com.BEd.Tests.KandhamalQuota" name="KandhamalQuotaForKandhamalResidingSCCandidates" time="52.148"/>
  <system-out/>
  <testcase classname="com.BEd.Tests.KandhamalQuota" name="KandhamalQuotaForKandhamalResidingSTCandidates" time="60.498"/>
  <system-out/>
  <testcase classname="com.BEd.Tests.KandhamalQuota" name="KandhamalQuotaForKandhamalNonResidingSCCandidates" time="30.582"/>
  <system-out/>
  <testcase classname="com.BEd.Tests.KandhamalQuota" name="KandhamalQuotaForKandhamalNonResidingSTCandidates" time="30.567"/>
  <system-out/>
  <testcase classname="com.BEd.Tests.KandhamalQuota" name="KandhamalQuotaForGeneralCandidates" time="27.411"/>
  <system-out/>
  <testcase classname="com.BEd.Tests.KandhamalQuota" name="KandhamalQuotaForSEBCCandidates" time="27.438"/>
  <system-out/>
  <testcase classname="com.BEd.Tests.KandhamalQuota" name="KandhamalQuotaForOOTCandidates" time="27.438"/>
  <system-out/>
</testsuite> <!-- com.BEd.Tests.KandhamalQuota -->
