<?xml version="1.0" encoding="UTF-8"?>
<!-- Generated by org.testng.reporters.JUnitReportReporter -->
<testsuite hostname="LAPTOP-9060GQE8" failures="0" tests="9" name="com.BHEd.Tests.EligibilityCriteriaForSEBCCGPA" time="432.757" errors="0" timestamp="2021-08-23T19:57:48 IST" skipped="0">
  <testcase classname="com.BHEd.Tests.EligibilityCriteriaForSEBCCGPA" name="Login" time="15.152"/>
  <system-out/>
  <testcase classname="com.BHEd.Tests.EligibilityCriteriaForSEBCCGPA" name="HindiHonoursPassElectiveWithMoreThan45Percentage" time="43.001"/>
  <system-out/>
  <testcase classname="com.BHEd.Tests.EligibilityCriteriaForSEBCCGPA" name="HindiHonoursPassElectiveWithLessThan45Percentage" time="51.503"/>
  <system-out/>
  <testcase classname="com.BHEd.Tests.EligibilityCriteriaForSEBCCGPA" name="RastraBhasaRatnaWithMoreThan45Percentage" time="51.273"/>
  <system-out/>
  <testcase classname="com.BHEd.Tests.EligibilityCriteriaForSEBCCGPA" name="RastraBhasaRatnaWithLessThan45Percentage" time="56.925"/>
  <system-out/>
  <testcase classname="com.BHEd.Tests.EligibilityCriteriaForSEBCCGPA" name="ShastriFromOdishaWithMoreThan45Percentage" time="50.772"/>
  <system-out/>
  <testcase classname="com.BHEd.Tests.EligibilityCriteriaForSEBCCGPA" name="ShastriFromOdishaWithLessThan45Percentage" time="56.895"/>
  <system-out/>
  <testcase classname="com.BHEd.Tests.EligibilityCriteriaForSEBCCGPA" name="SnatakWithMoreThan45Percentage" time="50.427"/>
  <system-out/>
  <testcase classname="com.BHEd.Tests.EligibilityCriteriaForSEBCCGPA" name="SnatakWithLessThan45Percentage" time="56.809"/>
  <system-out/>
</testsuite> <!-- com.BHEd.Tests.EligibilityCriteriaForSEBCCGPA -->
