<?xml version="1.0" encoding="UTF-8"?>
<!-- Generated by org.testng.reporters.JUnitReportReporter -->
<testsuite skipped="0" hostname="LAPTOP-O7SD66MO" name="com.DElEd.Tests.DalitQuota" tests="7" failures="0" timestamp="2021-01-12T15:20:47 IST" time="172.169" errors="0">
  <testcase name="Login" time="15.395" classname="com.DElEd.Tests.DalitQuota"/>
  <system-out/>
  <testcase name="DalitQuotaForSTFemaleCandidates" time="38.856" classname="com.DElEd.Tests.DalitQuota"/>
  <system-out/>
  <testcase name="DalitQuotaForSEBCFemaleCandidates" time="35.477" classname="com.DElEd.Tests.DalitQuota"/>
  <system-out/>
  <testcase name="DalitQuotaForMaleCandidates" time="21.523" classname="com.DElEd.Tests.DalitQuota"/>
  <system-out/>
  <testcase name="DalitQuotaForFemaleSCCandidates" time="19.797" classname="com.DElEd.Tests.DalitQuota"/>
  <system-out/>
  <testcase name="DalitQuotaForFemaleGeneralCandidates" time="19.809" classname="com.DElEd.Tests.DalitQuota"/>
  <system-out/>
  <testcase name="DalitQuotaForTransgenderCandidates" time="21.312" classname="com.DElEd.Tests.DalitQuota"/>
  <system-out/>
</testsuite> <!-- com.DElEd.Tests.DalitQuota -->
