<?xml version="1.0" encoding="UTF-8"?>
<!-- Generated by org.testng.reporters.JUnitReportReporter -->
<testsuite skipped="0" hostname="LAPTOP-O7SD66MO" name="com.DElEd.Tests.SubmissionOfCAF" tests="2" failures="0" timestamp="2021-01-12T15:20:47 IST" time="53.750" errors="0">
  <testcase name="Login" time="15.131" classname="com.DElEd.Tests.SubmissionOfCAF"/>
  <system-out/>
  <testcase name="ApplyingCAFByOdishaBoard" time="38.619" classname="com.DElEd.Tests.SubmissionOfCAF"/>
  <system-out/>
</testsuite> <!-- com.DElEd.Tests.SubmissionOfCAF -->
