<?xml version="1.0" encoding="UTF-8"?>
<!-- Generated by org.testng.reporters.JUnitReportReporter -->
<testsuite hostname="LAPTOP-9060GQE8" failures="0" tests="3" name="com.BHEd.Tests.CofirmFunctionality" time="27.332" errors="0" timestamp="2021-08-23T19:57:48 IST" skipped="0">
  <testcase classname="com.BHEd.Tests.CofirmFunctionality" name="Login" time="14.808"/>
  <system-out/>
  <testcase classname="com.BHEd.Tests.CofirmFunctionality" name="ConfirmationBeforeFinalSubmission" time="8.797"/>
  <system-out/>
  <testcase classname="com.BHEd.Tests.CofirmFunctionality" name="CancellationofFinalSubmission" time="3.727"/>
  <system-out/>
</testsuite> <!-- com.BHEd.Tests.CofirmFunctionality -->
