<?xml version="1.0" encoding="UTF-8"?>
<!-- Generated by org.testng.reporters.JUnitReportReporter -->
<testsuite skipped="0" hostname="LAPTOP-O7SD66MO" name="com.DElEd.Tests.ReadOnlyEmailId" tests="2" failures="0" timestamp="2021-01-12T15:20:47 IST" time="16.369" errors="0">
  <testcase name="Login" time="14.990" classname="com.DElEd.Tests.ReadOnlyEmailId"/>
  <system-out/>
  <testcase name="PopulationAndDisabilityofEmail" time="1.379" classname="com.DElEd.Tests.ReadOnlyEmailId"/>
  <system-out/>
</testsuite> <!-- com.DElEd.Tests.ReadOnlyEmailId -->
