<?xml version="1.0" encoding="UTF-8"?>
<!-- Generated by org.testng.reporters.JUnitReportReporter -->
<testsuite hostname="CSMBHUD299" failures="0" tests="7" name="com.BEd.Tests.AgeCriteriaForTransgenderApplicants" time="317.395" errors="0" timestamp="2021-03-23T12:56:45 IST" skipped="0">
  <testcase classname="com.BEd.Tests.AgeCriteriaForTransgenderApplicants" name="Login" time="15.977"/>
  <system-out/>
  <testcase classname="com.BEd.Tests.AgeCriteriaForTransgenderApplicants" name="TransgenderApplicantBornBeforeAgeAsOn" time="21.111"/>
  <system-out/>
  <testcase classname="com.BEd.Tests.AgeCriteriaForTransgenderApplicants" name="PWDTransgenderApplicantBornBeforeAgeAsOn" time="25.814"/>
  <system-out/>
  <testcase classname="com.BEd.Tests.AgeCriteriaForTransgenderApplicants" name="TransgenderApplicantBornOnAgeAsOn" time="60.722"/>
  <system-out/>
  <testcase classname="com.BEd.Tests.AgeCriteriaForTransgenderApplicants" name="PWDTransgenderApplicantBornOnAgeAsOn" time="66.204"/>
  <system-out/>
  <testcase classname="com.BEd.Tests.AgeCriteriaForTransgenderApplicants" name="TransgenderApplicantBornAfterAgeAsOn" time="61.230"/>
  <system-out/>
  <testcase classname="com.BEd.Tests.AgeCriteriaForTransgenderApplicants" name="PWDTransgenderApplicantBornAfterAgeAsOn" time="66.337"/>
  <system-out/>
</testsuite> <!-- com.BEd.Tests.AgeCriteriaForTransgenderApplicants -->
