<?xml version="1.0" encoding="UTF-8"?>
<!-- Generated by org.testng.reporters.JUnitReportReporter -->
<testsuite hostname="LAPTOP-9060GQE8" failures="0" tests="3" name="com.BHEd.Tests.ApplyingCAFWithDiffernetExamType" time="134.983" errors="0" timestamp="2021-08-23T19:57:48 IST" skipped="0">
  <testcase classname="com.BHEd.Tests.ApplyingCAFWithDiffernetExamType" name="Login" time="16.264"/>
  <system-out/>
  <testcase classname="com.BHEd.Tests.ApplyingCAFWithDiffernetExamType" name="ApplyingCAFWithAnnualExamType" time="55.440"/>
  <system-out/>
  <testcase classname="com.BHEd.Tests.ApplyingCAFWithDiffernetExamType" name="ApplyingCAFWithSupplementaryExamType" time="63.279"/>
  <system-out/>
</testsuite> <!-- com.BHEd.Tests.ApplyingCAFWithDiffernetExamType -->
