<?xml version="1.0" encoding="UTF-8"?>
<!-- Generated by org.testng.reporters.JUnitReportReporter -->
<testsuite hostname="CSMBHUD299" failures="0" tests="2" name="com.BEd.Tests.SubmissionofCAFWithDuplicateData" time="70.371" errors="0" timestamp="2021-03-23T12:56:44 IST" skipped="0">
  <testcase classname="com.BEd.Tests.SubmissionofCAFWithDuplicateData" name="Login" time="16.022"/>
  <system-out/>
  <testcase classname="com.BEd.Tests.SubmissionofCAFWithDuplicateData" name="SubmissionWithDuplicateRollNo" time="54.349"/>
  <system-out/>
</testsuite> <!-- com.BEd.Tests.SubmissionofCAFWithDuplicateData -->
