<?xml version="1.0" encoding="UTF-8"?>
<!-- Generated by org.testng.reporters.JUnitReportReporter -->
<testsuite hostname="CSMBHUD299" failures="0" tests="4" name="com.BEd.Tests.AadhaarValidations" time="166.300" errors="0" timestamp="2021-03-23T12:56:45 IST" skipped="0">
  <testcase classname="com.BEd.Tests.AadhaarValidations" name="Login" time="17.114"/>
  <system-out/>
  <testcase classname="com.BEd.Tests.AadhaarValidations" name="AadhaarWithValidData" time="53.627"/>
  <system-out/>
  <testcase classname="com.BEd.Tests.AadhaarValidations" name="AadhaarWithInValidData" time="26.807"/>
  <system-out/>
  <testcase classname="com.BEd.Tests.AadhaarValidations" name="NonAcceptanceofDuplicateAadhaar" time="68.752"/>
  <system-out/>
</testsuite> <!-- com.BEd.Tests.AadhaarValidations -->
