<?xml version="1.0" encoding="UTF-8"?>
<!-- Generated by org.testng.reporters.JUnitReportReporter -->
<testsuite skipped="0" hostname="CSMBHUD073" name="com.BEd.Tests.AgeValidations" tests="2" failures="0" timestamp="2021-03-17T15:53:13 IST" time="29.880" errors="0">
  <testcase name="Login" time="21.103" classname="com.BEd.Tests.AgeValidations"/>
  <system-out/>
  <testcase name="MinimumAgeForCAFApply" time="8.777" classname="com.BEd.Tests.AgeValidations"/>
  <system-out/>
</testsuite> <!-- com.BEd.Tests.AgeValidations -->
