<?xml version="1.0" encoding="UTF-8"?>
<!-- Generated by org.testng.reporters.JUnitReportReporter -->
<testsuite hostname="LAPTOP-9060GQE8" failures="0" tests="2" name="com.BHEd.Tests.SubmissionofCAFWithInvalidData" time="71.135" errors="0" timestamp="2021-08-23T19:57:48 IST" skipped="0">
  <testcase classname="com.BHEd.Tests.SubmissionofCAFWithInvalidData" name="Login" time="15.002"/>
  <system-out/>
  <testcase classname="com.BHEd.Tests.SubmissionofCAFWithInvalidData" name="SubmissionWithInvalidData" time="56.133"/>
  <system-out/>
</testsuite> <!-- com.BHEd.Tests.SubmissionofCAFWithInvalidData -->
