<?xml version="1.0" encoding="UTF-8"?>
<!-- Generated by org.testng.reporters.JUnitReportReporter -->
<testsuite hostname="CSMBHUD299" failures="0" tests="7" name="com.BEd.Tests.AgeCriteriaForFemaleApplicants" time="322.054" errors="0" timestamp="2021-03-23T12:56:45 IST" skipped="0">
  <testcase classname="com.BEd.Tests.AgeCriteriaForFemaleApplicants" name="Login" time="18.325"/>
  <system-out/>
  <testcase classname="com.BEd.Tests.AgeCriteriaForFemaleApplicants" name="FemaleApplicantBornBeforeAgeAsOn" time="21.129"/>
  <system-out/>
  <testcase classname="com.BEd.Tests.AgeCriteriaForFemaleApplicants" name="PWDFemaleApplicantBornBeforeAgeAsOn" time="25.616"/>
  <system-out/>
  <testcase classname="com.BEd.Tests.AgeCriteriaForFemaleApplicants" name="FemaleApplicantBornOnAgeAsOn" time="60.980"/>
  <system-out/>
  <testcase classname="com.BEd.Tests.AgeCriteriaForFemaleApplicants" name="PWDFemaleApplicantBornOnAgeAsOn" time="66.390"/>
  <system-out/>
  <testcase classname="com.BEd.Tests.AgeCriteriaForFemaleApplicants" name="FemaleApplicantBornAfterAgeAsOn" time="62.142"/>
  <system-out/>
  <testcase classname="com.BEd.Tests.AgeCriteriaForFemaleApplicants" name="PWDFemaleApplicantBornAfterAgeAsOn" time="67.472"/>
  <system-out/>
</testsuite> <!-- com.BEd.Tests.AgeCriteriaForFemaleApplicants -->
