<?xml version="1.0" encoding="UTF-8"?>
<!-- Generated by org.testng.reporters.JUnitReportReporter -->
<testsuite hostname="LAPTOP-9060GQE8" failures="0" tests="4" name="com.BHEd.Tests.PHCategoryValidations" time="135.468" errors="0" timestamp="2021-08-23T19:57:48 IST" skipped="0">
  <testcase classname="com.BHEd.Tests.PHCategoryValidations" name="Login" time="15.949"/>
  <system-out/>
  <testcase classname="com.BHEd.Tests.PHCategoryValidations" name="PHCategoryWithLessThan40Percentage" time="21.978"/>
  <system-out/>
  <testcase classname="com.BHEd.Tests.PHCategoryValidations" name="PHCategoryWithMoreThan100Percentage" time="30.977"/>
  <system-out/>
  <testcase classname="com.BHEd.Tests.PHCategoryValidations" name="PHCategoryBetween40To100Percentage" time="66.564"/>
  <system-out/>
</testsuite> <!-- com.BHEd.Tests.PHCategoryValidations -->
