<?xml version="1.0" encoding="UTF-8"?>
<!-- Generated by org.testng.reporters.JUnitReportReporter -->
<testsuite hostname="LAPTOP-9060GQE8" failures="0" tests="6" name="com.BHEd.Tests.CGPAComparison" time="263.706" errors="0" timestamp="2021-08-23T19:57:48 IST" skipped="0">
  <testcase classname="com.BHEd.Tests.CGPAComparison" name="Login" time="15.246"/>
  <system-out/>
  <testcase classname="com.BHEd.Tests.CGPAComparison" name="TenthObtainedCGPAShouldNotBeGreaterThanMaxCGPA" time="32.250"/>
  <system-out/>
  <testcase classname="com.BHEd.Tests.CGPAComparison" name="TwelthObtainedCGPAShouldNotBeGreaterThanMaxCGPA" time="46.359"/>
  <system-out/>
  <testcase classname="com.BHEd.Tests.CGPAComparison" name="GraduateObtainedCGPAShouldNotBeGreaterThanMaxCGPA" time="53.904"/>
  <system-out/>
  <testcase classname="com.BHEd.Tests.CGPAComparison" name="ObtainedCGPAShouldBeLessThanMaxCGPA" time="59.055"/>
  <system-out/>
  <testcase classname="com.BHEd.Tests.CGPAComparison" name="ObtainedCGPAIsEqualToMaxCGPA" time="56.892"/>
  <system-out/>
</testsuite> <!-- com.BHEd.Tests.CGPAComparison -->
