<?xml version="1.0" encoding="UTF-8"?>
<!-- Generated by org.testng.reporters.JUnitReportReporter -->
<testsuite hostname="LAPTOP-9060GQE8" failures="0" tests="9" name="com.BHEd.Tests.EligibilityCriteriaForSCMarks" time="474.648" errors="0" timestamp="2021-08-23T19:57:48 IST" skipped="0">
  <testcase classname="com.BHEd.Tests.EligibilityCriteriaForSCMarks" name="Login" time="15.312"/>
  <system-out/>
  <testcase classname="com.BHEd.Tests.EligibilityCriteriaForSCMarks" name="HindiHonoursPassElectiveWithMoreThan45Percentage" time="46.604"/>
  <system-out/>
  <testcase classname="com.BHEd.Tests.EligibilityCriteriaForSCMarks" name="HindiHonoursPassElectiveWithLessThan45Percentage" time="56.110"/>
  <system-out/>
  <testcase classname="com.BHEd.Tests.EligibilityCriteriaForSCMarks" name="RastraBhasaRatnaWithMoreThan50Percentage" time="55.311"/>
  <system-out/>
  <testcase classname="com.BHEd.Tests.EligibilityCriteriaForSCMarks" name="RastraBhasaRatnaWithLessThan50Percentage" time="61.710"/>
  <system-out/>
  <testcase classname="com.BHEd.Tests.EligibilityCriteriaForSCMarks" name="ShastriFromOdishaWithMoreThan50Percentage" time="55.935"/>
  <system-out/>
  <testcase classname="com.BHEd.Tests.EligibilityCriteriaForSCMarks" name="ShastriFromOdishaWithLessThan50Percentage" time="64.042"/>
  <system-out/>
  <testcase classname="com.BHEd.Tests.EligibilityCriteriaForSCMarks" name="SnatakWithMoreThan45Percentage" time="55.733"/>
  <system-out/>
  <testcase classname="com.BHEd.Tests.EligibilityCriteriaForSCMarks" name="SnatakWithLessThan45Percentage" time="63.891"/>
  <system-out/>
</testsuite> <!-- com.BHEd.Tests.EligibilityCriteriaForSCMarks -->
