<?xml version="1.0" encoding="UTF-8"?>
<!-- Generated by org.testng.reporters.JUnitReportReporter -->
<testsuite hostname="CSMBHUD299" failures="0" tests="4" name="com.BEd.Tests.ApplyingCAFWithDiffGender" time="191.924" errors="0" timestamp="2021-03-23T12:56:44 IST" skipped="0">
  <testcase classname="com.BEd.Tests.ApplyingCAFWithDiffGender" name="Login" time="16.644"/>
  <system-out/>
  <testcase classname="com.BEd.Tests.ApplyingCAFWithDiffGender" name="ApplyingCAFByMaleCandidate" time="53.369"/>
  <system-out/>
  <testcase classname="com.BEd.Tests.ApplyingCAFWithDiffGender" name="ApplyingCAFByFemaleCandidate" time="61.011"/>
  <system-out/>
  <testcase classname="com.BEd.Tests.ApplyingCAFWithDiffGender" name="ApplyingCAFByTransgenderCandidate" time="60.900"/>
  <system-out/>
</testsuite> <!-- com.BEd.Tests.ApplyingCAFWithDiffGender -->
