<?xml version="1.0" encoding="UTF-8"?>
<!-- Generated by org.testng.reporters.JUnitReportReporter -->
<testsuite skipped="0" hostname="LAPTOP-O7SD66MO" name="com.DElEd.Tests.OOTCriteria" tests="3" failures="0" timestamp="2021-01-12T15:20:47 IST" time="119.268" errors="0">
  <testcase name="Login" time="15.112" classname="com.DElEd.Tests.OOTCriteria"/>
  <system-out/>
  <testcase name="ApplyingByOOTStates" time="75.792" classname="com.DElEd.Tests.OOTCriteria"/>
  <system-out/>
  <testcase name="ApplyingByNonOOTStates" time="28.364" classname="com.DElEd.Tests.OOTCriteria"/>
  <system-out/>
</testsuite> <!-- com.DElEd.Tests.OOTCriteria -->
