<?xml version="1.0" encoding="UTF-8"?>
<!-- Generated by org.testng.reporters.JUnitReportReporter -->
<testsuite hostname="LAPTOP-9060GQE8" failures="0" tests="7" name="com.BHEd.Tests.AgeCriteriaForTransgenderApplicants" time="322.718" errors="0" timestamp="2021-08-23T19:57:48 IST" skipped="0">
  <testcase classname="com.BHEd.Tests.AgeCriteriaForTransgenderApplicants" name="Login" time="15.202"/>
  <system-out/>
  <testcase classname="com.BHEd.Tests.AgeCriteriaForTransgenderApplicants" name="TransgenderApplicantBornBeforeAgeAsOn" time="20.931"/>
  <system-out/>
  <testcase classname="com.BHEd.Tests.AgeCriteriaForTransgenderApplicants" name="PWDTransgenderApplicantBornBeforeAgeAsOn" time="25.419"/>
  <system-out/>
  <testcase classname="com.BHEd.Tests.AgeCriteriaForTransgenderApplicants" name="TransgenderApplicantBornOnAgeAsOn" time="62.641"/>
  <system-out/>
  <testcase classname="com.BHEd.Tests.AgeCriteriaForTransgenderApplicants" name="PWDTransgenderApplicantBornOnAgeAsOn" time="67.626"/>
  <system-out/>
  <testcase classname="com.BHEd.Tests.AgeCriteriaForTransgenderApplicants" name="TransgenderApplicantBornAfterAgeAsOn" time="63.278"/>
  <system-out/>
  <testcase classname="com.BHEd.Tests.AgeCriteriaForTransgenderApplicants" name="PWDTransgenderApplicantBornAfterAgeAsOn" time="67.621"/>
  <system-out/>
</testsuite> <!-- com.BHEd.Tests.AgeCriteriaForTransgenderApplicants -->
