<?xml version="1.0" encoding="UTF-8"?>
<!-- Generated by org.testng.reporters.JUnitReportReporter -->
<testsuite hostname="LAPTOP-9060GQE8" failures="0" tests="5" name="com.BHEd.Tests.ExServiceman" time="193.521" errors="0" timestamp="2021-08-23T19:57:48 IST" skipped="0">
  <testcase classname="com.BHEd.Tests.ExServiceman" name="Login" time="15.255"/>
  <system-out/>
  <testcase classname="com.BHEd.Tests.ExServiceman" name="ExServicemanCertified" time="56.955"/>
  <system-out/>
  <testcase classname="com.BHEd.Tests.ExServiceman" name="ExServicemanNotCertified" time="28.344"/>
  <system-out/>
  <testcase classname="com.BHEd.Tests.ExServiceman" name="UnmarriedDaughterOfExServiceman" time="64.732"/>
  <system-out/>
  <testcase classname="com.BHEd.Tests.ExServiceman" name="MarriedDaughterOfExServiceman" time="28.235"/>
  <system-out/>
</testsuite> <!-- com.BHEd.Tests.ExServiceman -->
