<?xml version="1.0" encoding="UTF-8"?>
<!-- Generated by org.testng.reporters.JUnitReportReporter -->
<testsuite hostname="CSMBHUD299" failures="0" tests="4" name="com.BEd.Tests.MobileNoComparison" time="163.423" errors="0" timestamp="2021-03-23T12:56:45 IST" skipped="0">
  <testcase classname="com.BEd.Tests.MobileNoComparison" name="Login" time="17.515"/>
  <system-out/>
  <testcase classname="com.BEd.Tests.MobileNoComparison" name="DifferentRegisteredMobileNoAlternateMobileNo" time="54.669"/>
  <system-out/>
  <testcase classname="com.BEd.Tests.MobileNoComparison" name="IdenticalRegisteredMobileNoAlternateMobileNo" time="29.279"/>
  <system-out/>
  <testcase classname="com.BEd.Tests.MobileNoComparison" name="AcceptanceofDuplicateAlternateMobileNo" time="61.960"/>
  <system-out/>
</testsuite> <!-- com.BEd.Tests.MobileNoComparison -->
