<?xml version="1.0" encoding="UTF-8"?>
<!-- Generated by org.testng.reporters.JUnitReportReporter -->
<testsuite hostname="LAPTOP-9060GQE8" failures="0" tests="5" name="com.BHEd.Tests.YOPComparisonsGraduationPG" time="258.654" errors="0" timestamp="2021-08-23T19:57:48 IST" skipped="0">
  <testcase classname="com.BHEd.Tests.YOPComparisonsGraduationPG" name="Login" time="15.742"/>
  <system-out/>
  <testcase classname="com.BHEd.Tests.YOPComparisonsGraduationPG" name="YOPBetweenGraduationAndPGWithValidData" time="54.946"/>
  <system-out/>
  <testcase classname="com.BHEd.Tests.YOPComparisonsGraduationPG" name="YOPBetweenGraduationAndPGWithIdenticalData" time="62.716"/>
  <system-out/>
  <testcase classname="com.BHEd.Tests.YOPComparisonsGraduationPG" name="YOPBetweenGraduationAndPGWithDiffLessThan3years" time="62.748"/>
  <system-out/>
  <testcase classname="com.BHEd.Tests.YOPComparisonsGraduationPG" name="YOPBetweenGraduationAndPGWithInvalidData" time="62.502"/>
  <system-out/>
</testsuite> <!-- com.BHEd.Tests.YOPComparisonsGraduationPG -->
