<?xml version="1.0" encoding="UTF-8"?>
<!-- Generated by org.testng.reporters.JUnitReportReporter -->
<testsuite hostname="CSMBHUD299" failures="0" tests="2" name="com.BEd.Tests.SubmissionofCAFBySameApplicantAgain" time="20.463" errors="0" timestamp="2021-03-23T12:56:44 IST" skipped="0">
  <testcase classname="com.BEd.Tests.SubmissionofCAFBySameApplicantAgain" name="Login" time="11.120"/>
  <system-out/>
  <testcase classname="com.BEd.Tests.SubmissionofCAFBySameApplicantAgain" name="SubmissionBySameApplicant" time="9.343"/>
  <system-out/>
</testsuite> <!-- com.BEd.Tests.SubmissionofCAFBySameApplicantAgain -->
