<?xml version="1.0" encoding="UTF-8"?>
<!-- Generated by org.testng.reporters.JUnitReportReporter -->
<testsuite skipped="0" hostname="LAPTOP-O7SD66MO" name="com.DElEd.Tests.StateQuota" tests="3" failures="0" timestamp="2021-01-12T15:20:47 IST" time="72.753" errors="0">
  <testcase name="Login" time="15.006" classname="com.DElEd.Tests.StateQuota"/>
  <system-out/>
  <testcase name="StateQuotaForOdishaResidingCandidatesWithOdia" time="37.804" classname="com.DElEd.Tests.StateQuota"/>
  <system-out/>
  <testcase name="StateQuotaForOdishaResidingCandidatesWithoutOdia" time="19.943" classname="com.DElEd.Tests.StateQuota"/>
  <system-out/>
</testsuite> <!-- com.DElEd.Tests.StateQuota -->
