<?xml version="1.0" encoding="UTF-8"?>
<!-- Generated by org.testng.reporters.JUnitReportReporter -->
<testsuite hostname="CSMBHUD299" failures="0" tests="5" name="com.BEd.Tests.ApplyingCAFByEachAppearingGraduates" time="209.778" errors="0" timestamp="2021-03-23T12:56:44 IST" skipped="0">
  <testcase classname="com.BEd.Tests.ApplyingCAFByEachAppearingGraduates" name="Login" time="17.731"/>
  <system-out/>
  <testcase classname="com.BEd.Tests.ApplyingCAFByEachAppearingGraduates" name="ApplyingCAFByArtsAppearingGraduate" time="45.566"/>
  <system-out/>
  <testcase classname="com.BEd.Tests.ApplyingCAFByEachAppearingGraduates" name="ApplyingCAFByScienceAppearingGraduate" time="52.067"/>
  <system-out/>
  <testcase classname="com.BEd.Tests.ApplyingCAFByEachAppearingGraduates" name="ApplyingCAFByBtechAppearingGraduate" time="55.749"/>
  <system-out/>
  <testcase classname="com.BEd.Tests.ApplyingCAFByEachAppearingGraduates" name="ApplyingCAFByBtechLateralAppearingGraduate" time="38.665"/>
  <system-out/>
</testsuite> <!-- com.BEd.Tests.ApplyingCAFByEachAppearingGraduates -->
