<?xml version="1.0" encoding="UTF-8"?>
<!-- Generated by org.testng.reporters.JUnitReportReporter -->
<testsuite skipped="0" hostname="LAPTOP-O7SD66MO" name="com.DElEd.Tests.LoginScenarios" tests="5" failures="0" timestamp="2021-01-11T10:06:39 IST" time="33.496" errors="0">
  <testcase name="LoginProvidingInvalidMobileNumberAndValidPassword" time="10.404" classname="com.DElEd.Tests.LoginScenarios"/>
  <system-out/>
  <testcase name="ProvidingvalidMobileNumberAndInValidPassword" time="6.176" classname="com.DElEd.Tests.LoginScenarios"/>
  <system-out/>
  <testcase name="ProvidingInvalidMobileNumberAndInValidPassword" time="5.929" classname="com.DElEd.Tests.LoginScenarios"/>
  <system-out/>
  <testcase name="ProvidingInvalidCaptcha" time="3.783" classname="com.DElEd.Tests.LoginScenarios"/>
  <system-out/>
  <testcase name="LoginProvidingValiddata" time="7.204" classname="com.DElEd.Tests.LoginScenarios"/>
  <system-out/>
</testsuite> <!-- com.DElEd.Tests.LoginScenarios -->
