<?xml version="1.0" encoding="UTF-8"?>
<!-- Generated by org.testng.reporters.JUnitReportReporter -->
<testsuite skipped="0" hostname="LAPTOP-O7SD66MO" name="com.DElEd.Tests.AgeCriteriaForTransgenderApplicants" tests="7" failures="0" timestamp="2021-01-12T15:20:47 IST" time="214.056" errors="0">
  <testcase name="Login" time="15.031" classname="com.DElEd.Tests.AgeCriteriaForTransgenderApplicants"/>
  <system-out/>
  <testcase name="TransgenderApplicantBornBeforeAgeAsOn" time="21.109" classname="com.DElEd.Tests.AgeCriteriaForTransgenderApplicants"/>
  <system-out/>
  <testcase name="PWDTransgenderApplicantBornBeforeAgeAsOn" time="18.118" classname="com.DElEd.Tests.AgeCriteriaForTransgenderApplicants"/>
  <system-out/>
  <testcase name="TransgenderApplicantBornOnAgeAsOn" time="38.947" classname="com.DElEd.Tests.AgeCriteriaForTransgenderApplicants"/>
  <system-out/>
  <testcase name="PWDTransgenderApplicantBornOnAgeAsOn" time="40.862" classname="com.DElEd.Tests.AgeCriteriaForTransgenderApplicants"/>
  <system-out/>
  <testcase name="TransgenderApplicantBornAfterAgeAsOn" time="36.977" classname="com.DElEd.Tests.AgeCriteriaForTransgenderApplicants"/>
  <system-out/>
  <testcase name="PWDTransgenderApplicantBornAfterAgeAsOn" time="43.012" classname="com.DElEd.Tests.AgeCriteriaForTransgenderApplicants"/>
  <system-out/>
</testsuite> <!-- com.DElEd.Tests.AgeCriteriaForTransgenderApplicants -->
