<?xml version="1.0" encoding="UTF-8"?>
<!-- Generated by org.testng.reporters.JUnitReportReporter -->
<testsuite skipped="0" hostname="LAPTOP-O7SD66MO" name="com.DElEd.Tests.BIETQuotaNotResiding" tests="5" failures="0" timestamp="2021-01-12T15:20:47 IST" time="118.861" errors="0">
  <testcase name="Login" time="15.423" classname="com.DElEd.Tests.BIETQuotaNotResiding"/>
  <system-out/>
  <testcase name="BIETQuotaForSCCandidatesNotResidingInNawarangpur" time="26.058" classname="com.DElEd.Tests.BIETQuotaNotResiding"/>
  <system-out/>
  <testcase name="BIETQuotaForSCCandidatesNotResidingInRayagada" time="25.792" classname="com.DElEd.Tests.BIETQuotaNotResiding"/>
  <system-out/>
  <testcase name="BIETQuotaForSTCandidatesNotResidingInSundargarh" time="25.983" classname="com.DElEd.Tests.BIETQuotaNotResiding"/>
  <system-out/>
  <testcase name="BIETQuotaForSTCandidatesNotResidingInMayurbhanj" time="25.605" classname="com.DElEd.Tests.BIETQuotaNotResiding"/>
  <system-out/>
</testsuite> <!-- com.DElEd.Tests.BIETQuotaNotResiding -->
