<?xml version="1.0" encoding="UTF-8"?>
<!-- Generated by org.testng.reporters.JUnitReportReporter -->
<testsuite skipped="0" hostname="LAPTOP-O7SD66MO" name="com.DElEd.Tests.ReadonlyMobileNo" tests="2" failures="0" timestamp="2021-01-12T15:20:47 IST" time="16.541" errors="0">
  <testcase name="Login" time="15.136" classname="com.DElEd.Tests.ReadonlyMobileNo"/>
  <system-out/>
  <testcase name="MobileNoDisability" time="1.405" classname="com.DElEd.Tests.ReadonlyMobileNo"/>
  <system-out/>
</testsuite> <!-- com.DElEd.Tests.ReadonlyMobileNo -->
