<?xml version="1.0" encoding="UTF-8"?>
<!-- Generated by org.testng.reporters.JUnitReportReporter -->
<testsuite skipped="0" hostname="LAPTOP-O7SD66MO" name="com.DElEd.Tests.SubmissionofCAFWithDuplicateData" tests="2" failures="0" timestamp="2021-01-12T16:30:08 IST" time="58.424" errors="0">
  <testcase name="Login" time="17.865" classname="com.DElEd.Tests.SubmissionofCAFWithDuplicateData"/>
  <system-out/>
  <testcase name="SubmissionWithDuplicateRollNo" time="40.559" classname="com.DElEd.Tests.SubmissionofCAFWithDuplicateData"/>
  <system-out/>
</testsuite> <!-- com.DElEd.Tests.SubmissionofCAFWithDuplicateData -->
