<?xml version="1.0" encoding="UTF-8"?>
<!-- Generated by org.testng.reporters.JUnitReportReporter -->
<testsuite skipped="0" hostname="LAPTOP-O7SD66MO" name="com.DElEd.Tests.ImageUpload" tests="3" failures="0" timestamp="2021-01-12T15:20:47 IST" time="12.568" errors="0">
  <testcase name="Login" time="8.984" classname="com.DElEd.Tests.ImageUpload"/>
  <system-out/>
  <testcase name="ImageUploadWithValidData" time="2.111" classname="com.DElEd.Tests.ImageUpload"/>
  <system-out/>
  <testcase name="ImageUploadWithInValidData" time="1.473" classname="com.DElEd.Tests.ImageUpload"/>
  <system-out/>
</testsuite> <!-- com.DElEd.Tests.ImageUpload -->
