<?xml version="1.0" encoding="UTF-8"?>
<!-- Generated by org.testng.reporters.JUnitReportReporter -->
<testsuite hostname="CSMBHUD299" failures="0" tests="5" name="com.BEd.Tests.YOPComparisonsGraduationPG" time="252.930" errors="0" timestamp="2021-03-23T12:56:45 IST" skipped="0">
  <testcase classname="com.BEd.Tests.YOPComparisonsGraduationPG" name="Login" time="17.787"/>
  <system-out/>
  <testcase classname="com.BEd.Tests.YOPComparisonsGraduationPG" name="YOPBetweenGraduationAndPGWithValidData" time="53.077"/>
  <system-out/>
  <testcase classname="com.BEd.Tests.YOPComparisonsGraduationPG" name="YOPBetweenGraduationAndPGWithDiffLessThan3years" time="60.707"/>
  <system-out/>
  <testcase classname="com.BEd.Tests.YOPComparisonsGraduationPG" name="YOPBetweenGraduationAndPGWithIdenticalData" time="60.682"/>
  <system-out/>
  <testcase classname="com.BEd.Tests.YOPComparisonsGraduationPG" name="YOPBetweenGraduationAndPGWithInvalidData" time="60.677"/>
  <system-out/>
</testsuite> <!-- com.BEd.Tests.YOPComparisonsGraduationPG -->
