<?xml version="1.0" encoding="UTF-8"?>
<!-- Generated by org.testng.reporters.JUnitReportReporter -->
<testsuite hostname="LAPTOP-9060GQE8" failures="0" tests="7" name="com.BHEd.Tests.AgeCriteriaForSTApplicants" time="350.631" errors="0" timestamp="2021-08-23T19:57:48 IST" skipped="0">
  <testcase classname="com.BHEd.Tests.AgeCriteriaForSTApplicants" name="Login" time="15.104"/>
  <system-out/>
  <testcase classname="com.BHEd.Tests.AgeCriteriaForSTApplicants" name="STApplicantBornBeforeAgeAsOn" time="22.910"/>
  <system-out/>
  <testcase classname="com.BHEd.Tests.AgeCriteriaForSTApplicants" name="PWDSTApplicantBornBeforeAgeAsOn" time="25.794"/>
  <system-out/>
  <testcase classname="com.BHEd.Tests.AgeCriteriaForSTApplicants" name="STApplicantBornOnAgeAsOn" time="63.241"/>
  <system-out/>
  <testcase classname="com.BHEd.Tests.AgeCriteriaForSTApplicants" name="PWDSTApplicantBornOnAgeAsOn" time="68.704"/>
  <system-out/>
  <testcase classname="com.BHEd.Tests.AgeCriteriaForSTApplicants" name="STApplicantBornAfterAgeAsOn" time="85.887"/>
  <system-out/>
  <testcase classname="com.BHEd.Tests.AgeCriteriaForSTApplicants" name="PWDSTApplicantBornAfterAgeAsOn" time="68.991"/>
  <system-out/>
</testsuite> <!-- com.BHEd.Tests.AgeCriteriaForSTApplicants -->
