<?xml version="1.0" encoding="UTF-8"?>
<!-- Generated by org.testng.reporters.JUnitReportReporter -->
<testsuite hostname="CSMBHUD299" failures="0" tests="2" name="com.BEd.Tests.ReadOnlyEmailId" time="18.628" errors="0" timestamp="2021-03-23T12:56:44 IST" skipped="0">
  <testcase classname="com.BEd.Tests.ReadOnlyEmailId" name="Login" time="17.180"/>
  <system-out/>
  <testcase classname="com.BEd.Tests.ReadOnlyEmailId" name="PopulationAndDisabilityofEmail" time="1.448"/>
  <system-out/>
</testsuite> <!-- com.BEd.Tests.ReadOnlyEmailId -->
