<?xml version="1.0" encoding="UTF-8"?>
<!-- Generated by org.testng.reporters.JUnitReportReporter -->
<testsuite skipped="0" hostname="LAPTOP-O7SD66MO" name="com.DElEd.Tests.PHCategoryValidations" tests="4" failures="0" timestamp="2021-01-12T15:20:47 IST" time="121.677" errors="0">
  <testcase name="Login" time="35.114" classname="com.DElEd.Tests.PHCategoryValidations"/>
  <system-out/>
  <testcase name="PHCategoryWithLessThan40Percentage" time="21.971" classname="com.DElEd.Tests.PHCategoryValidations"/>
  <system-out/>
  <testcase name="PHCategoryWithMoreThan100Percentage" time="22.319" classname="com.DElEd.Tests.PHCategoryValidations"/>
  <system-out/>
  <testcase name="PHCategoryBetween40To100Percentage" time="42.273" classname="com.DElEd.Tests.PHCategoryValidations"/>
  <system-out/>
</testsuite> <!-- com.DElEd.Tests.PHCategoryValidations -->
