<?xml version="1.0" encoding="UTF-8"?>
<!-- Generated by org.testng.reporters.JUnitReportReporter -->
<testsuite hostname="CSMBHUD299" failures="0" tests="7" name="com.BEd.Tests.AgeCriteriaForMaleApplicant" time="320.785" errors="0" timestamp="2021-03-23T12:56:45 IST" skipped="0">
  <testcase classname="com.BEd.Tests.AgeCriteriaForMaleApplicant" name="Login" time="18.038"/>
  <system-out/>
  <testcase classname="com.BEd.Tests.AgeCriteriaForMaleApplicant" name="UnreservedMaleApplicantBornBeforeAgeAsOn" time="21.377"/>
  <system-out/>
  <testcase classname="com.BEd.Tests.AgeCriteriaForMaleApplicant" name="PWDMaleApplicantBornBeforeAgeAsOn" time="25.646"/>
  <system-out/>
  <testcase classname="com.BEd.Tests.AgeCriteriaForMaleApplicant" name="UnreservedMaleApplicantBornOnAgeAsOn" time="60.920"/>
  <system-out/>
  <testcase classname="com.BEd.Tests.AgeCriteriaForMaleApplicant" name="PWDMaleApplicantBornOnAgeAsOn" time="67.238"/>
  <system-out/>
  <testcase classname="com.BEd.Tests.AgeCriteriaForMaleApplicant" name="UnReservedMaleApplicantBornAfterAgeAsOn" time="61.214"/>
  <system-out/>
  <testcase classname="com.BEd.Tests.AgeCriteriaForMaleApplicant" name="PWDMaleApplicantBornAfterAgeAsOn" time="66.352"/>
  <system-out/>
</testsuite> <!-- com.BEd.Tests.AgeCriteriaForMaleApplicant -->
