<?xml version="1.0" encoding="UTF-8"?>
<!-- Generated by org.testng.reporters.JUnitReportReporter -->
<testsuite skipped="0" hostname="LAPTOP-O7SD66MO" name="com.DElEd.Tests.TeluguQuota" tests="4" failures="0" timestamp="2021-01-12T15:20:47 IST" time="94.916" errors="0">
  <testcase name="Login" time="15.427" classname="com.DElEd.Tests.TeluguQuota"/>
  <system-out/>
  <testcase name="TeluguQuotaWithTelugu" time="38.926" classname="com.DElEd.Tests.TeluguQuota"/>
  <system-out/>
  <testcase name="TeluguQuotaWithoutTelugu" time="20.939" classname="com.DElEd.Tests.TeluguQuota"/>
  <system-out/>
  <testcase name="TeluguQuotaForOOTCandidate" time="19.624" classname="com.DElEd.Tests.TeluguQuota"/>
  <system-out/>
</testsuite> <!-- com.DElEd.Tests.TeluguQuota -->
