<?xml version="1.0" encoding="UTF-8"?>
<!-- Generated by org.testng.reporters.JUnitReportReporter -->
<testsuite hostname="LAPTOP-9060GQE8" failures="0" tests="3" name="com.BHEd.Tests.ImageUpload" time="15.497" errors="0" timestamp="2021-08-23T19:57:48 IST" skipped="0">
  <testcase classname="com.BHEd.Tests.ImageUpload" name="Login" time="12.282"/>
  <system-out/>
  <testcase classname="com.BHEd.Tests.ImageUpload" name="ImageUploadWithValidData" time="1.847"/>
  <system-out/>
  <testcase classname="com.BHEd.Tests.ImageUpload" name="ImageUploadWithInValidData" time="1.368"/>
  <system-out/>
</testsuite> <!-- com.BHEd.Tests.ImageUpload -->
