<?xml version="1.0" encoding="UTF-8"?>
<!-- Generated by org.testng.reporters.JUnitReportReporter -->
<testsuite hostname="CSMBHUD299" failures="0" tests="3" name="com.BEd.Tests.ImageUpload" time="16.758" errors="0" timestamp="2021-03-23T12:56:44 IST" skipped="0">
  <testcase classname="com.BEd.Tests.ImageUpload" name="Login" time="13.463"/>
  <system-out/>
  <testcase classname="com.BEd.Tests.ImageUpload" name="ImageUploadWithValidData" time="1.880"/>
  <system-out/>
  <testcase classname="com.BEd.Tests.ImageUpload" name="ImageUploadWithInValidData" time="1.415"/>
  <system-out/>
</testsuite> <!-- com.BEd.Tests.ImageUpload -->
