<?xml version="1.0" encoding="UTF-8"?>
<!-- Generated by org.testng.reporters.JUnitReportReporter -->
<testsuite skipped="0" hostname="LAPTOP-O7SD66MO" name="com.DElEd.Tests.EligibilityCriteriaForSEBC" tests="7" failures="0" timestamp="2021-01-12T15:20:47 IST" time="263.847" errors="0">
  <testcase name="Login" time="15.079" classname="com.DElEd.Tests.EligibilityCriteriaForSEBC"/>
  <system-out/>
  <testcase name="SEBCWithMoreThan33PercentageIn10th" time="38.818" classname="com.DElEd.Tests.EligibilityCriteriaForSEBC"/>
  <system-out/>
  <testcase name="SEBCWithExactly33PercentageIn10th" time="41.074" classname="com.DElEd.Tests.EligibilityCriteriaForSEBC"/>
  <system-out/>
  <testcase name="SEBCWithLessThan33PercentageIn10th" time="40.972" classname="com.DElEd.Tests.EligibilityCriteriaForSEBC"/>
  <system-out/>
  <testcase name="SEBCWithMoreThan45PercentageIn12th" time="42.698" classname="com.DElEd.Tests.EligibilityCriteriaForSEBC"/>
  <system-out/>
  <testcase name="SEBCWithExactly45PercentageIn12th" time="42.941" classname="com.DElEd.Tests.EligibilityCriteriaForSEBC"/>
  <system-out/>
  <testcase name="SEBCWithLessThan45PercentageIn12th" time="42.265" classname="com.DElEd.Tests.EligibilityCriteriaForSEBC"/>
  <system-out/>
</testsuite> <!-- com.DElEd.Tests.EligibilityCriteriaForSEBC -->
