<?xml version="1.0" encoding="UTF-8"?>
<!-- Generated by org.testng.reporters.JUnitReportReporter -->
<testsuite hostname="CSMBHUD299" failures="0" tests="3" name="com.BEd.Tests.CofirmFunctionality" time="28.640" errors="0" timestamp="2021-03-23T12:56:44 IST" skipped="0">
  <testcase classname="com.BEd.Tests.CofirmFunctionality" name="Login" time="16.082"/>
  <system-out/>
  <testcase classname="com.BEd.Tests.CofirmFunctionality" name="ConfirmationBeforeFinalSubmission" time="8.836"/>
  <system-out/>
  <testcase classname="com.BEd.Tests.CofirmFunctionality" name="CancellationofFinalSubmission" time="3.722"/>
  <system-out/>
</testsuite> <!-- com.BEd.Tests.CofirmFunctionality -->
