<?xml version="1.0" encoding="UTF-8"?>
<!-- Generated by org.testng.reporters.JUnitReportReporter -->
<testsuite hostname="LAPTOP-9060GQE8" failures="0" tests="4" name="com.BHEd.Tests.ApplyingCAFWithDiffGender" time="200.933" errors="0" timestamp="2021-08-23T19:57:48 IST" skipped="0">
  <testcase classname="com.BHEd.Tests.ApplyingCAFWithDiffGender" name="Login" time="15.549"/>
  <system-out/>
  <testcase classname="com.BHEd.Tests.ApplyingCAFWithDiffGender" name="ApplyingCAFByMaleCandidate" time="55.513"/>
  <system-out/>
  <testcase classname="com.BHEd.Tests.ApplyingCAFWithDiffGender" name="ApplyingCAFByFemaleCandidate" time="66.861"/>
  <system-out/>
  <testcase classname="com.BHEd.Tests.ApplyingCAFWithDiffGender" name="ApplyingCAFByTransgenderCandidate" time="63.010"/>
  <system-out/>
</testsuite> <!-- com.BHEd.Tests.ApplyingCAFWithDiffGender -->
