<?xml version="1.0" encoding="UTF-8"?>
<!-- Generated by org.testng.reporters.JUnitReportReporter -->
<testsuite skipped="0" hostname="LAPTOP-O7SD66MO" name="com.DElEd.Tests.ApplyingCAFWithDiffernetExamType" tests="3" failures="0" timestamp="2021-01-12T15:20:47 IST" time="90.984" errors="0">
  <testcase name="Login" time="15.257" classname="com.DElEd.Tests.ApplyingCAFWithDiffernetExamType"/>
  <system-out/>
  <testcase name="ApplyingCAFWithAnnualExamType" time="39.006" classname="com.DElEd.Tests.ApplyingCAFWithDiffernetExamType"/>
  <system-out/>
  <testcase name="ApplyingCAFWithSupplementaryExamType" time="36.721" classname="com.DElEd.Tests.ApplyingCAFWithDiffernetExamType"/>
  <system-out/>
</testsuite> <!-- com.DElEd.Tests.ApplyingCAFWithDiffernetExamType -->
