<?xml version="1.0" encoding="UTF-8"?>
<!-- Generated by org.testng.reporters.JUnitReportReporter -->
<testsuite hostname="LAPTOP-9060GQE8" failures="0" tests="4" name="com.BHEd.Tests.LocomotorDisabilityValidations" time="135.452" errors="0" timestamp="2021-08-23T19:57:48 IST" skipped="0">
  <testcase classname="com.BHEd.Tests.LocomotorDisabilityValidations" name="Login" time="15.037"/>
  <system-out/>
  <testcase classname="com.BHEd.Tests.LocomotorDisabilityValidations" name="LocomotorDisabilityWithLessThan40Percentage" time="22.584"/>
  <system-out/>
  <testcase classname="com.BHEd.Tests.LocomotorDisabilityValidations" name="LocomotorDisabilityWithMoreThan100Percentage" time="30.582"/>
  <system-out/>
  <testcase classname="com.BHEd.Tests.LocomotorDisabilityValidations" name="LocomotorDisabilityBetween40To100Percentage" time="67.249"/>
  <system-out/>
</testsuite> <!-- com.BHEd.Tests.LocomotorDisabilityValidations -->
