<?xml version="1.0" encoding="UTF-8"?>
<!-- Generated by org.testng.reporters.JUnitReportReporter -->
<testsuite skipped="0" hostname="LAPTOP-O7SD66MO" name="com.BEd.Tests.DisabilityOfPCMWithScience" tests="2" failures="0" timestamp="2021-01-18T10:46:23 IST" time="45.766" errors="0">
  <testcase name="Login" time="15.715" classname="com.BEd.Tests.DisabilityOfPCMWithScience"/>
  <system-out/>
  <testcase name="MobileNoDisability" time="30.051" classname="com.BEd.Tests.DisabilityOfPCMWithScience"/>
  <system-out/>
</testsuite> <!-- com.BEd.Tests.DisabilityOfPCMWithScience -->
