<?xml version="1.0" encoding="UTF-8"?>
<!-- Generated by org.testng.reporters.JUnitReportReporter -->
<testsuite skipped="0" hostname="LAPTOP-O7SD66MO" name="com.DElEd.Tests.ApplyingCAFWithDiffGender" tests="4" failures="0" timestamp="2021-01-12T15:20:47 IST" time="127.616" errors="0">
  <testcase name="Login" time="15.271" classname="com.DElEd.Tests.ApplyingCAFWithDiffGender"/>
  <system-out/>
  <testcase name="ApplyingCAFByMaleCandidate" time="38.995" classname="com.DElEd.Tests.ApplyingCAFWithDiffGender"/>
  <system-out/>
  <testcase name="ApplyingCAFByFemaleCandidate" time="36.714" classname="com.DElEd.Tests.ApplyingCAFWithDiffGender"/>
  <system-out/>
  <testcase name="ApplyingCAFByTransgenderCandidate" time="36.636" classname="com.DElEd.Tests.ApplyingCAFWithDiffGender"/>
  <system-out/>
</testsuite> <!-- com.DElEd.Tests.ApplyingCAFWithDiffGender -->
