<?xml version="1.0" encoding="UTF-8"?>
<!-- Generated by org.testng.reporters.JUnitReportReporter -->
<testsuite hostname="LAPTOP-9060GQE8" failures="0" tests="2" name="com.BHEd.Tests.SubmissionOfCAF" time="70.139" errors="0" timestamp="2021-08-23T19:57:48 IST" skipped="0">
  <testcase classname="com.BHEd.Tests.SubmissionOfCAF" name="Login" time="15.510"/>
  <system-out/>
  <testcase classname="com.BHEd.Tests.SubmissionOfCAF" name="SuccessfulSubmissionofCAF" time="54.629"/>
  <system-out/>
</testsuite> <!-- com.BHEd.Tests.SubmissionOfCAF -->
