<?xml version="1.0" encoding="UTF-8"?>
<!-- Generated by org.testng.reporters.JUnitReportReporter -->
<testsuite hostname="CSMBHUD299" failures="0" tests="5" name="com.BEd.Tests.ArtsStreamValidation" time="168.431" errors="0" timestamp="2021-03-23T12:56:44 IST" skipped="0">
  <testcase classname="com.BEd.Tests.ArtsStreamValidation" name="Login" time="17.517"/>
  <system-out/>
  <testcase classname="com.BEd.Tests.ArtsStreamValidation" name="DisabilityOfOdiaWithArtsOdiaHonours" time="29.734"/>
  <system-out/>
  <testcase classname="com.BEd.Tests.ArtsStreamValidation" name="DisabilityOfEnglishWithArtsEnglishHonours" time="29.198"/>
  <system-out/>
  <testcase classname="com.BEd.Tests.ArtsStreamValidation" name="DuplicateSubject" time="38.329"/>
  <system-out/>
  <testcase classname="com.BEd.Tests.ArtsStreamValidation" name="LanguageSubject" time="53.653"/>
  <system-out/>
</testsuite> <!-- com.BEd.Tests.ArtsStreamValidation -->
