<?xml version="1.0" encoding="UTF-8"?>
<!-- Generated by org.testng.reporters.JUnitReportReporter -->
<testsuite skipped="0" hostname="LAPTOP-O7SD66MO" name="com.Diploma.Tests.DisabiltyOfSupplementary" tests="3" failures="0" timestamp="2020-12-14T15:34:19 IST" time="27.570" errors="0">
  <testcase name="Login" time="9.452" classname="com.Diploma.Tests.DisabiltyOfSupplementary"/>
  <system-out/>
  <testcase name="DisabilityofSupplementary10th" time="5.978" classname="com.Diploma.Tests.DisabiltyOfSupplementary"/>
  <system-out/>
  <testcase name="DisabilityofSupplementary12th" time="12.140" classname="com.Diploma.Tests.DisabiltyOfSupplementary"/>
  <system-out/>
</testsuite> <!-- com.Diploma.Tests.DisabiltyOfSupplementary -->
