<?xml version="1.0" encoding="UTF-8"?>
<!-- Generated by org.testng.reporters.JUnitReportReporter -->
<testsuite skipped="0" hostname="LAPTOP-O7SD66MO" name="com.DElEd.Tests.BIETQuotaResiding" tests="3" failures="0" timestamp="2021-01-12T15:20:47 IST" time="254.026" errors="0">
  <testcase name="Login" time="15.524" classname="com.DElEd.Tests.BIETQuotaResiding"/>
  <system-out/>
  <testcase name="BIETQuotaForSCCandidatesResiding" time="119.265" classname="com.DElEd.Tests.BIETQuotaResiding"/>
  <system-out/>
  <testcase name="BIETQuotaForSTCandidatesResiding" time="119.237" classname="com.DElEd.Tests.BIETQuotaResiding"/>
  <system-out/>
</testsuite> <!-- com.DElEd.Tests.BIETQuotaResiding -->
