<?xml version="1.0" encoding="UTF-8"?>
<!-- Generated by org.testng.reporters.JUnitReportReporter -->
<testsuite hostname="CSMBHUD299" failures="0" tests="3" name="com.BEd.Tests.StateQuota" time="95.652" errors="0" timestamp="2021-03-23T12:56:45 IST" skipped="0">
  <testcase classname="com.BEd.Tests.StateQuota" name="Login" time="16.070"/>
  <system-out/>
  <testcase classname="com.BEd.Tests.StateQuota" name="StateQuotaForOdishaResidingCandidatesWithOdia" time="52.132"/>
  <system-out/>
  <testcase classname="com.BEd.Tests.StateQuota" name="StateQuotaForOdishaResidingCandidatesWithoutOdia" time="27.450"/>
  <system-out/>
</testsuite> <!-- com.BEd.Tests.StateQuota -->
