<?xml version="1.0" encoding="UTF-8"?>
<!-- Generated by org.testng.reporters.JUnitReportReporter -->
<testsuite hostname="CSMBHUD299" failures="0" tests="3" name="com.BEd.Tests.OOTCriteria" time="143.810" errors="0" timestamp="2021-03-23T12:56:44 IST" skipped="0">
  <testcase classname="com.BEd.Tests.OOTCriteria" name="Login" time="17.183"/>
  <system-out/>
  <testcase classname="com.BEd.Tests.OOTCriteria" name="ApplyingByOOTStates" time="90.538"/>
  <system-out/>
  <testcase classname="com.BEd.Tests.OOTCriteria" name="ApplyingByNonOOTStates" time="36.089"/>
  <system-out/>
</testsuite> <!-- com.BEd.Tests.OOTCriteria -->
