<?xml version="1.0" encoding="UTF-8"?>
<!-- Generated by org.testng.reporters.JUnitReportReporter -->
<testsuite hostname="LAPTOP-9060GQE8" failures="0" tests="9" name="com.BHEd.Tests.EligibilityCriteriaForPHMarks" time="495.194" errors="0" timestamp="2021-08-23T19:57:48 IST" skipped="0">
  <testcase classname="com.BHEd.Tests.EligibilityCriteriaForPHMarks" name="Login" time="15.142"/>
  <system-out/>
  <testcase classname="com.BHEd.Tests.EligibilityCriteriaForPHMarks" name="HindiHonoursPassElectiveWithMoreThan45Percentage" time="50.158"/>
  <system-out/>
  <testcase classname="com.BHEd.Tests.EligibilityCriteriaForPHMarks" name="HindiHonoursPassElectiveWithLessThan45Percentage" time="59.203"/>
  <system-out/>
  <testcase classname="com.BHEd.Tests.EligibilityCriteriaForPHMarks" name="RastraBhasaRatnaWithMoreThan50Percentage" time="58.724"/>
  <system-out/>
  <testcase classname="com.BHEd.Tests.EligibilityCriteriaForPHMarks" name="RastraBhasaRatnaWithLessThan50Percentage" time="65.409"/>
  <system-out/>
  <testcase classname="com.BHEd.Tests.EligibilityCriteriaForPHMarks" name="ShastriFromOdishaWithMoreThan50Percentage" time="58.016"/>
  <system-out/>
  <testcase classname="com.BHEd.Tests.EligibilityCriteriaForPHMarks" name="ShastriFromOdishaWithLessThan50Percentage" time="65.328"/>
  <system-out/>
  <testcase classname="com.BHEd.Tests.EligibilityCriteriaForPHMarks" name="SnatakWithMoreThan45Percentage" time="57.726"/>
  <system-out/>
  <testcase classname="com.BHEd.Tests.EligibilityCriteriaForPHMarks" name="SnatakWithLessThan45Percentage" time="65.488"/>
  <system-out/>
</testsuite> <!-- com.BHEd.Tests.EligibilityCriteriaForPHMarks -->
