<?xml version="1.0" encoding="UTF-8"?>
<!-- Generated by org.testng.reporters.JUnitReportReporter -->
<testsuite skipped="0" hostname="LAPTOP-O7SD66MO" name="com.DElEd.Tests.EligibilityCriteriaForGeneral" tests="7" failures="0" timestamp="2021-01-12T15:20:47 IST" time="263.950" errors="0">
  <testcase name="Login" time="15.329" classname="com.DElEd.Tests.EligibilityCriteriaForGeneral"/>
  <system-out/>
  <testcase name="GeneralWithMoreThan33PercentageIn10th" time="38.815" classname="com.DElEd.Tests.EligibilityCriteriaForGeneral"/>
  <system-out/>
  <testcase name="GeneralWithExactly33PercentageIn10th" time="40.956" classname="com.DElEd.Tests.EligibilityCriteriaForGeneral"/>
  <system-out/>
  <testcase name="GeneralWithLessThan33PercentageIn10th" time="40.998" classname="com.DElEd.Tests.EligibilityCriteriaForGeneral"/>
  <system-out/>
  <testcase name="GeneralWithMoreThan50PercentageIn12th" time="42.798" classname="com.DElEd.Tests.EligibilityCriteriaForGeneral"/>
  <system-out/>
  <testcase name="GeneralWithExactly50PercentageIn12th" time="42.991" classname="com.DElEd.Tests.EligibilityCriteriaForGeneral"/>
  <system-out/>
  <testcase name="GeneralWithLessThan50PercentageIn12th" time="42.063" classname="com.DElEd.Tests.EligibilityCriteriaForGeneral"/>
  <system-out/>
</testsuite> <!-- com.DElEd.Tests.EligibilityCriteriaForGeneral -->
