<?xml version="1.0" encoding="UTF-8"?>
<!-- Generated by org.testng.reporters.JUnitReportReporter -->
<testsuite hostname="CSMBHUD299" failures="0" tests="2" name="com.BEd.Tests.ReadonlyMobileNo" time="19.732" errors="0" timestamp="2021-03-23T12:56:44 IST" skipped="0">
  <testcase classname="com.BEd.Tests.ReadonlyMobileNo" name="Login" time="17.998"/>
  <system-out/>
  <testcase classname="com.BEd.Tests.ReadonlyMobileNo" name="MobileNoDisability" time="1.734"/>
  <system-out/>
</testsuite> <!-- com.BEd.Tests.ReadonlyMobileNo -->
