<?xml version="1.0" encoding="UTF-8"?>
<!-- Generated by org.testng.reporters.JUnitReportReporter -->
<testsuite hostname="LAPTOP-9060GQE8" failures="0" tests="9" name="com.BHEd.Tests.EligibilityCriteriaForSCCGPA" time="433.353" errors="0" timestamp="2021-08-23T19:57:48 IST" skipped="0">
  <testcase classname="com.BHEd.Tests.EligibilityCriteriaForSCCGPA" name="Login" time="14.869"/>
  <system-out/>
  <testcase classname="com.BHEd.Tests.EligibilityCriteriaForSCCGPA" name="HindiHonoursPassElectiveWithMoreThan45Percentage" time="43.035"/>
  <system-out/>
  <testcase classname="com.BHEd.Tests.EligibilityCriteriaForSCCGPA" name="HindiHonoursPassElectiveWithLessThan45Percentage" time="51.832"/>
  <system-out/>
  <testcase classname="com.BHEd.Tests.EligibilityCriteriaForSCCGPA" name="RastraBhasaRatnaWithMoreThan45Percentage" time="51.121"/>
  <system-out/>
  <testcase classname="com.BHEd.Tests.EligibilityCriteriaForSCCGPA" name="RastraBhasaRatnaWithLessThan45Percentage" time="56.940"/>
  <system-out/>
  <testcase classname="com.BHEd.Tests.EligibilityCriteriaForSCCGPA" name="ShastriFromOdishaWithMoreThan45Percentage" time="50.826"/>
  <system-out/>
  <testcase classname="com.BHEd.Tests.EligibilityCriteriaForSCCGPA" name="ShastriFromOdishaWithLessThan45Percentage" time="56.855"/>
  <system-out/>
  <testcase classname="com.BHEd.Tests.EligibilityCriteriaForSCCGPA" name="SnatakWithMoreThan45Percentage" time="50.716"/>
  <system-out/>
  <testcase classname="com.BHEd.Tests.EligibilityCriteriaForSCCGPA" name="SnatakWithLessThan45Percentage" time="57.159"/>
  <system-out/>
</testsuite> <!-- com.BHEd.Tests.EligibilityCriteriaForSCCGPA -->
