<?xml version="1.0" encoding="UTF-8"?>
<!-- Generated by org.testng.reporters.JUnitReportReporter -->
<testsuite hostname="CSMBHUD299" failures="0" tests="3" name="com.BEd.Tests.ApplyingCAFWithDiffernetExamType" time="131.036" errors="0" timestamp="2021-03-23T12:56:44 IST" skipped="0">
  <testcase classname="com.BEd.Tests.ApplyingCAFWithDiffernetExamType" name="Login" time="16.817"/>
  <system-out/>
  <testcase classname="com.BEd.Tests.ApplyingCAFWithDiffernetExamType" name="ApplyingCAFWithAnnualExamType" time="53.234"/>
  <system-out/>
  <testcase classname="com.BEd.Tests.ApplyingCAFWithDiffernetExamType" name="ApplyingCAFWithSupplementaryExamType" time="60.985"/>
  <system-out/>
</testsuite> <!-- com.BEd.Tests.ApplyingCAFWithDiffernetExamType -->
