<?xml version="1.0" encoding="UTF-8"?>
<!-- Generated by org.testng.reporters.JUnitReportReporter -->
<testsuite hostname="LAPTOP-9060GQE8" failures="0" tests="2" name="com.BHEd.Tests.SubmissionofCAFWithDuplicateData" time="74.410" errors="0" timestamp="2021-08-25T15:26:53 IST" skipped="0">
  <testcase classname="com.BHEd.Tests.SubmissionofCAFWithDuplicateData" name="Login" time="16.853"/>
  <system-out/>
  <testcase classname="com.BHEd.Tests.SubmissionofCAFWithDuplicateData" name="SubmissionWithDuplicateRollNo" time="57.557"/>
  <system-out/>
</testsuite> <!-- com.BHEd.Tests.SubmissionofCAFWithDuplicateData -->
