<?xml version="1.0" encoding="UTF-8"?>
<!-- Generated by org.testng.reporters.JUnitReportReporter -->
<testsuite hostname="LAPTOP-9060GQE8" failures="0" tests="7" name="com.BHEd.Tests.EligibilityCriteria10th12thMarks" time="335.840" errors="0" timestamp="2021-08-23T19:57:48 IST" skipped="0">
  <testcase classname="com.BHEd.Tests.EligibilityCriteria10th12thMarks" name="Login" time="15.678"/>
  <system-out/>
  <testcase classname="com.BHEd.Tests.EligibilityCriteria10th12thMarks" name="GeneralWithMoreThan33PercentageIn10th" time="48.741"/>
  <system-out/>
  <testcase classname="com.BHEd.Tests.EligibilityCriteria10th12thMarks" name="GeneralWithExactly33PercentageIn10th" time="53.404"/>
  <system-out/>
  <testcase classname="com.BHEd.Tests.EligibilityCriteria10th12thMarks" name="GeneralWithLessThan33PercentageIn10th" time="55.235"/>
  <system-out/>
  <testcase classname="com.BHEd.Tests.EligibilityCriteria10th12thMarks" name="GeneralWithMoreThan33PercentageIn12th" time="54.012"/>
  <system-out/>
  <testcase classname="com.BHEd.Tests.EligibilityCriteria10th12thMarks" name="GeneralWithExactly33PercentageIn12th" time="54.009"/>
  <system-out/>
  <testcase classname="com.BHEd.Tests.EligibilityCriteria10th12thMarks" name="GeneralWithLessThan33PercentageIn12th" time="54.761"/>
  <system-out/>
</testsuite> <!-- com.BHEd.Tests.EligibilityCriteria10th12thMarks -->
