<?xml version="1.0" encoding="UTF-8"?>
<!-- Generated by org.testng.reporters.JUnitReportReporter -->
<testsuite hostname="LAPTOP-9060GQE8" failures="0" tests="7" name="com.BHEd.Tests.AgeCriteriaForSEBCMaleApplicants" time="325.764" errors="0" timestamp="2021-08-23T19:57:48 IST" skipped="0">
  <testcase classname="com.BHEd.Tests.AgeCriteriaForSEBCMaleApplicants" name="Login" time="14.528"/>
  <system-out/>
  <testcase classname="com.BHEd.Tests.AgeCriteriaForSEBCMaleApplicants" name="SEBCApplicantBornBeforeAgeAsOn" time="20.939"/>
  <system-out/>
  <testcase classname="com.BHEd.Tests.AgeCriteriaForSEBCMaleApplicants" name="PWDSEBCApplicantBornBeforeAgeAsOn" time="25.723"/>
  <system-out/>
  <testcase classname="com.BHEd.Tests.AgeCriteriaForSEBCMaleApplicants" name="SEBCApplicantBornOnAgeAsOn" time="63.293"/>
  <system-out/>
  <testcase classname="com.BHEd.Tests.AgeCriteriaForSEBCMaleApplicants" name="PWDSEBCApplicantBornOnAgeAsOn" time="68.645"/>
  <system-out/>
  <testcase classname="com.BHEd.Tests.AgeCriteriaForSEBCMaleApplicants" name="SEBCApplicantBornAfterAgeAsOn" time="63.693"/>
  <system-out/>
  <testcase classname="com.BHEd.Tests.AgeCriteriaForSEBCMaleApplicants" name="PWDSEBCApplicantBornAfterAgeAsOn" time="68.943"/>
  <system-out/>
</testsuite> <!-- com.BHEd.Tests.AgeCriteriaForSEBCMaleApplicants -->
