<?xml version="1.0" encoding="UTF-8"?>
<!-- Generated by org.testng.reporters.JUnitReportReporter -->
<testsuite hostname="CSMBHUD299" failures="0" tests="4" name="com.BEd.Tests.ScienceStreamValidation" time="126.953" errors="0" timestamp="2021-03-23T12:56:44 IST" skipped="0">
  <testcase classname="com.BEd.Tests.ScienceStreamValidation" name="Login" time="18.474"/>
  <system-out/>
  <testcase classname="com.BEd.Tests.ScienceStreamValidation" name="DisabilityOfPCMWithScience" time="29.711"/>
  <system-out/>
  <testcase classname="com.BEd.Tests.ScienceStreamValidation" name="PopulationOfBtech" time="38.265"/>
  <system-out/>
  <testcase classname="com.BEd.Tests.ScienceStreamValidation" name="DuplicateSubject" time="40.503"/>
  <system-out/>
</testsuite> <!-- com.BEd.Tests.ScienceStreamValidation -->
