<?xml version="1.0" encoding="UTF-8"?>
<!-- Generated by org.testng.reporters.JUnitReportReporter -->
<testsuite skipped="0" hostname="LAPTOP-O7SD66MO" name="com.DElEd.Tests.CofirmFunctionality" tests="3" failures="0" timestamp="2021-01-12T16:35:08 IST" time="22.125" errors="0">
  <testcase name="Login" time="15.611" classname="com.DElEd.Tests.CofirmFunctionality"/>
  <system-out/>
  <testcase name="ConfirmationBeforeFinalSubmission" time="4.337" classname="com.DElEd.Tests.CofirmFunctionality"/>
  <system-out/>
  <testcase name="CancellationofFinalSubmission" time="2.177" classname="com.DElEd.Tests.CofirmFunctionality"/>
  <system-out/>
</testsuite> <!-- com.DElEd.Tests.CofirmFunctionality -->
