<?xml version="1.0" encoding="UTF-8"?>
<!-- Generated by org.testng.reporters.JUnitReportReporter -->
<testsuite skipped="0" hostname="LAPTOP-O7SD66MO" name="com.DElEd.Tests.CancelFunctionalityOther" tests="2" failures="0" timestamp="2021-01-12T16:37:39 IST" time="61.015" errors="0">
  <testcase name="Login" time="15.303" classname="com.DElEd.Tests.CancelFunctionalityOther"/>
  <system-out/>
  <testcase name="SuccessfulCancellationofData" time="45.712" classname="com.DElEd.Tests.CancelFunctionalityOther"/>
  <system-out/>
</testsuite> <!-- com.DElEd.Tests.CancelFunctionalityOther -->
