<?xml version="1.0" encoding="UTF-8"?>
<!-- Generated by org.testng.reporters.JUnitReportReporter -->
<testsuite hostname="CSMBHUD299" failures="0" tests="5" name="com.BEd.Tests.ExServiceman" time="190.245" errors="0" timestamp="2021-03-23T12:56:45 IST" skipped="0">
  <testcase classname="com.BEd.Tests.ExServiceman" name="Login" time="17.956"/>
  <system-out/>
  <testcase classname="com.BEd.Tests.ExServiceman" name="ExServicemanCertified" time="54.867"/>
  <system-out/>
  <testcase classname="com.BEd.Tests.ExServiceman" name="ExServicemanNotCertified" time="27.468"/>
  <system-out/>
  <testcase classname="com.BEd.Tests.ExServiceman" name="UnmarriedDaughterOfExServiceman" time="62.524"/>
  <system-out/>
  <testcase classname="com.BEd.Tests.ExServiceman" name="MarriedDaughterOfExServiceman" time="27.430"/>
  <system-out/>
</testsuite> <!-- com.BEd.Tests.ExServiceman -->
