<?xml version="1.0" encoding="UTF-8"?>
<!-- Generated by org.testng.reporters.JUnitReportReporter -->
<testsuite skipped="0" hostname="LAPTOP-O7SD66MO" name="com.DElEd.Tests.SmokeTest" tests="2" failures="0" timestamp="2020-12-24T15:15:16 IST" time="44.738" errors="0">
  <testcase name="Login" time="15.224" classname="com.DElEd.Tests.SmokeTest"/>
  <system-out/>
  <testcase name="Smoke" time="29.514" classname="com.DElEd.Tests.SmokeTest"/>
  <system-out/>
</testsuite> <!-- com.DElEd.Tests.SmokeTest -->
