<?xml version="1.0" encoding="UTF-8"?>
<!-- Generated by org.testng.reporters.JUnitReportReporter -->
<testsuite hostname="CSMBHUD299" failures="0" tests="7" name="com.BEd.Tests.EligibilityCriteriaForST" time="348.676" errors="0" timestamp="2021-03-23T12:56:44 IST" skipped="0">
  <testcase classname="com.BEd.Tests.EligibilityCriteriaForST" name="Login" time="15.845"/>
  <system-out/>
  <testcase classname="com.BEd.Tests.EligibilityCriteriaForST" name="ArtsWithMoreThan45PercentageInGraduation" time="46.615"/>
  <system-out/>
  <testcase classname="com.BEd.Tests.EligibilityCriteriaForST" name="ArtsWithLessThan45PercentageInGraduation" time="56.299"/>
  <system-out/>
  <testcase classname="com.BEd.Tests.EligibilityCriteriaForST" name="ScienceWithMoreThan45PercentageInPG" time="59.601"/>
  <system-out/>
  <testcase classname="com.BEd.Tests.EligibilityCriteriaForST" name="ScienceWithLessThan45PercentageInPG" time="60.793"/>
  <system-out/>
  <testcase classname="com.BEd.Tests.EligibilityCriteriaForST" name="BtechWithMoreThan50Percentage" time="54.120"/>
  <system-out/>
  <testcase classname="com.BEd.Tests.EligibilityCriteriaForST" name="BtechWithLessThan50Percentage" time="55.403"/>
  <system-out/>
</testsuite> <!-- com.BEd.Tests.EligibilityCriteriaForST -->
