<?xml version="1.0" encoding="UTF-8"?>
<!-- Generated by org.testng.reporters.JUnitReportReporter -->
<testsuite skipped="0" hostname="LAPTOP-O7SD66MO" name="com.DElEd.Tests.DisabilityofMarkFields" tests="2" failures="0" timestamp="2021-01-12T15:20:47 IST" time="21.436" errors="0">
  <testcase name="Login" time="14.962" classname="com.DElEd.Tests.DisabilityofMarkFields"/>
  <system-out/>
  <testcase name="DisabilityofMarkFieldsForAppeared" time="6.474" classname="com.DElEd.Tests.DisabilityofMarkFields"/>
  <system-out/>
</testsuite> <!-- com.DElEd.Tests.DisabilityofMarkFields -->
