<?xml version="1.0" encoding="UTF-8"?>
<!-- Generated by org.testng.reporters.JUnitReportReporter -->
<testsuite skipped="0" hostname="LAPTOP-O7SD66MO" name="com.DElEd.Tests.EligibilityCriteriaForPH" tests="7" failures="0" timestamp="2021-01-12T15:20:47 IST" time="296.570" errors="0">
  <testcase name="Login" time="15.430" classname="com.DElEd.Tests.EligibilityCriteriaForPH"/>
  <system-out/>
  <testcase name="PHWithMoreThan33PercentageIn10th" time="44.204" classname="com.DElEd.Tests.EligibilityCriteriaForPH"/>
  <system-out/>
  <testcase name="PHWithExactly33PercentageIn10th" time="46.279" classname="com.DElEd.Tests.EligibilityCriteriaForPH"/>
  <system-out/>
  <testcase name="PHWithLessThan33PercentageIn10th" time="46.349" classname="com.DElEd.Tests.EligibilityCriteriaForPH"/>
  <system-out/>
  <testcase name="PHWithMoreThan45PercentageIn12th" time="48.196" classname="com.DElEd.Tests.EligibilityCriteriaForPH"/>
  <system-out/>
  <testcase name="PHWithExactly45PercentageIn12th" time="48.363" classname="com.DElEd.Tests.EligibilityCriteriaForPH"/>
  <system-out/>
  <testcase name="PHWithLessThan45PercentageIn12th" time="47.749" classname="com.DElEd.Tests.EligibilityCriteriaForPH"/>
  <system-out/>
</testsuite> <!-- com.DElEd.Tests.EligibilityCriteriaForPH -->
