<?xml version="1.0" encoding="UTF-8"?>
<!-- Generated by org.testng.reporters.JUnitReportReporter -->
<testsuite skipped="0" hostname="LAPTOP-O7SD66MO" name="com.DElEd.Tests.AgeCriteriaForSEBCMaleApplicants" tests="7" failures="0" timestamp="2021-01-12T15:20:47 IST" time="213.873" errors="0">
  <testcase name="Login" time="15.241" classname="com.DElEd.Tests.AgeCriteriaForSEBCMaleApplicants"/>
  <system-out/>
  <testcase name="SEBCApplicantBornBeforeAgeAsOn" time="21.158" classname="com.DElEd.Tests.AgeCriteriaForSEBCMaleApplicants"/>
  <system-out/>
  <testcase name="PWDSEBCApplicantBornBeforeAgeAsOn" time="17.890" classname="com.DElEd.Tests.AgeCriteriaForSEBCMaleApplicants"/>
  <system-out/>
  <testcase name="SEBCApplicantBornOnAgeAsOn" time="38.926" classname="com.DElEd.Tests.AgeCriteriaForSEBCMaleApplicants"/>
  <system-out/>
  <testcase name="PWDSEBCApplicantBornOnAgeAsOn" time="40.814" classname="com.DElEd.Tests.AgeCriteriaForSEBCMaleApplicants"/>
  <system-out/>
  <testcase name="SEBCApplicantBornAfterAgeAsOn" time="37.035" classname="com.DElEd.Tests.AgeCriteriaForSEBCMaleApplicants"/>
  <system-out/>
  <testcase name="PWDSEBCApplicantBornAfterAgeAsOn" time="42.809" classname="com.DElEd.Tests.AgeCriteriaForSEBCMaleApplicants"/>
  <system-out/>
</testsuite> <!-- com.DElEd.Tests.AgeCriteriaForSEBCMaleApplicants -->
