<?xml version="1.0" encoding="UTF-8"?>
<!-- Generated by org.testng.reporters.JUnitReportReporter -->
<testsuite skipped="0" hostname="LAPTOP-O7SD66MO" name="com.DElEd.Tests.EligibilityCriteriaForSC" tests="7" failures="0" timestamp="2021-01-12T15:20:47 IST" time="265.206" errors="0">
  <testcase name="Login" time="15.338" classname="com.DElEd.Tests.EligibilityCriteriaForSC"/>
  <system-out/>
  <testcase name="SCWithMoreThan33PercentageIn10th" time="38.857" classname="com.DElEd.Tests.EligibilityCriteriaForSC"/>
  <system-out/>
  <testcase name="SCWithExactly33PercentageIn10th" time="40.952" classname="com.DElEd.Tests.EligibilityCriteriaForSC"/>
  <system-out/>
  <testcase name="SCWithLessThan33PercentageIn10th" time="40.928" classname="com.DElEd.Tests.EligibilityCriteriaForSC"/>
  <system-out/>
  <testcase name="SCWithMoreThan45PercentageIn12th" time="42.646" classname="com.DElEd.Tests.EligibilityCriteriaForSC"/>
  <system-out/>
  <testcase name="SCWithExactly45PercentageIn12th" time="42.912" classname="com.DElEd.Tests.EligibilityCriteriaForSC"/>
  <system-out/>
  <testcase name="SCWithLessThan45PercentageIn12th" time="43.573" classname="com.DElEd.Tests.EligibilityCriteriaForSC"/>
  <system-out/>
</testsuite> <!-- com.DElEd.Tests.EligibilityCriteriaForSC -->
