<?xml version="1.0" encoding="UTF-8"?>
<!-- Generated by org.testng.reporters.JUnitReportReporter -->
<testsuite skipped="0" hostname="LAPTOP-O7SD66MO" name="com.DElEd.Tests.DataFillUpWithDisability" tests="2" failures="0" timestamp="2021-01-12T15:20:47 IST" time="22.503" errors="0">
  <testcase name="Login" time="14.979" classname="com.DElEd.Tests.DataFillUpWithDisability"/>
  <system-out/>
  <testcase name="DataFillUpWithDisability10th" time="7.524" classname="com.DElEd.Tests.DataFillUpWithDisability"/>
  <system-out/>
</testsuite> <!-- com.DElEd.Tests.DataFillUpWithDisability -->
