<?xml version="1.0" encoding="UTF-8"?>
<!-- Generated by org.testng.reporters.JUnitReportReporter -->
<testsuite hostname="LAPTOP-9060GQE8" failures="0" tests="9" name="com.BHEd.Tests.EligibilityCriteriaForGeneralMarks" time="465.645" errors="0" timestamp="2021-08-23T19:57:48 IST" skipped="0">
  <testcase classname="com.BHEd.Tests.EligibilityCriteriaForGeneralMarks" name="Login" time="15.547"/>
  <system-out/>
  <testcase classname="com.BHEd.Tests.EligibilityCriteriaForGeneralMarks" name="HindiHonoursPassElectiveWithMoreThan50Percentage" time="46.221"/>
  <system-out/>
  <testcase classname="com.BHEd.Tests.EligibilityCriteriaForGeneralMarks" name="HindiHonoursPassElectiveWithLessThan50Percentage" time="55.147"/>
  <system-out/>
  <testcase classname="com.BHEd.Tests.EligibilityCriteriaForGeneralMarks" name="RastraBhasaRatnaWithMoreThan50Percentage" time="54.437"/>
  <system-out/>
  <testcase classname="com.BHEd.Tests.EligibilityCriteriaForGeneralMarks" name="RastraBhasaRatnaWithLessThan50Percentage" time="61.613"/>
  <system-out/>
  <testcase classname="com.BHEd.Tests.EligibilityCriteriaForGeneralMarks" name="ShastriFromOdishaWithMoreThan50Percentage" time="54.351"/>
  <system-out/>
  <testcase classname="com.BHEd.Tests.EligibilityCriteriaForGeneralMarks" name="ShastriFromOdishaWithLessThan50Percentage" time="61.901"/>
  <system-out/>
  <testcase classname="com.BHEd.Tests.EligibilityCriteriaForGeneralMarks" name="SnatakWithMoreThan50Percentage" time="54.758"/>
  <system-out/>
  <testcase classname="com.BHEd.Tests.EligibilityCriteriaForGeneralMarks" name="SnatakWithLessThan50Percentage" time="61.670"/>
  <system-out/>
</testsuite> <!-- com.BHEd.Tests.EligibilityCriteriaForGeneralMarks -->
