<?xml version="1.0" encoding="UTF-8"?>
<!-- Generated by org.testng.reporters.JUnitReportReporter -->
<testsuite hostname="CSMBHUD299" failures="0" tests="3" name="com.BEd.Tests.OdiaCriteria" time="94.803" errors="0" timestamp="2021-03-23T12:56:44 IST" skipped="0">
  <testcase classname="com.BEd.Tests.OdiaCriteria" name="Login" time="16.271"/>
  <system-out/>
  <testcase classname="com.BEd.Tests.OdiaCriteria" name="OdiaStudied" time="52.173"/>
  <system-out/>
  <testcase classname="com.BEd.Tests.OdiaCriteria" name="OdiaNotStudied" time="26.359"/>
  <system-out/>
</testsuite> <!-- com.BEd.Tests.OdiaCriteria -->
