<?xml version="1.0" encoding="UTF-8"?>
<!-- Generated by org.testng.reporters.JUnitReportReporter -->
<testsuite skipped="0" hostname="LAPTOP-O7SD66MO" name="com.BEd.Tests.SaveAsDraftFunctionality" tests="3" failures="0" timestamp="2021-02-02T10:29:45 IST" time="131.512" errors="0">
  <testcase name="Login" time="16.210" classname="com.BEd.Tests.SaveAsDraftFunctionality"/>
  <system-out/>
  <testcase name="SuccessfulSaveAsDraft" time="55.465" classname="com.BEd.Tests.SaveAsDraftFunctionality"/>
  <system-out/>
  <testcase name="UnsuccessfulSaveAsDraft" time="59.837" classname="com.BEd.Tests.SaveAsDraftFunctionality"/>
  <system-out/>
</testsuite> <!-- com.BEd.Tests.SaveAsDraftFunctionality -->
