<?xml version="1.0" encoding="UTF-8"?>
<!-- Generated by org.testng.reporters.JUnitReportReporter -->
<testsuite hostname="CSMBHUD299" failures="0" tests="5" name="com.BEd.Tests.YOPComparisons12thGraduation" time="251.364" errors="0" timestamp="2021-03-23T12:56:44 IST" skipped="0">
  <testcase classname="com.BEd.Tests.YOPComparisons12thGraduation" name="Login" time="16.015"/>
  <system-out/>
  <testcase classname="com.BEd.Tests.YOPComparisons12thGraduation" name="YOPBetween12thAndGraduationWithValidData" time="53.098"/>
  <system-out/>
  <testcase classname="com.BEd.Tests.YOPComparisons12thGraduation" name="YOPBetween12thAndGraduationWithDiffLessThan3years" time="60.950"/>
  <system-out/>
  <testcase classname="com.BEd.Tests.YOPComparisons12thGraduation" name="YOPBetween12thAndGraduationWithIdenticalData" time="60.695"/>
  <system-out/>
  <testcase classname="com.BEd.Tests.YOPComparisons12thGraduation" name="YOPBetween12thAndGraduationWithInvalidData" time="60.606"/>
  <system-out/>
</testsuite> <!-- com.BEd.Tests.YOPComparisons12thGraduation -->
