<?xml version="1.0" encoding="UTF-8"?>
<!-- Generated by org.testng.reporters.JUnitReportReporter -->
<testsuite hostname="CSMBHUD299" failures="0" tests="7" name="com.BEd.Tests.EligibilityCriteriaForGeneral" time="349.933" errors="0" timestamp="2021-03-23T12:56:45 IST" skipped="0">
  <testcase classname="com.BEd.Tests.EligibilityCriteriaForGeneral" name="Login" time="15.999"/>
  <system-out/>
  <testcase classname="com.BEd.Tests.EligibilityCriteriaForGeneral" name="ArtsWithMoreThan50PercentageInGraduation" time="46.621"/>
  <system-out/>
  <testcase classname="com.BEd.Tests.EligibilityCriteriaForGeneral" name="ArtsWithLessThan50PercentageInGraduation" time="57.575"/>
  <system-out/>
  <testcase classname="com.BEd.Tests.EligibilityCriteriaForGeneral" name="ScienceWithMoreThan50PercentageInPG" time="59.548"/>
  <system-out/>
  <testcase classname="com.BEd.Tests.EligibilityCriteriaForGeneral" name="ScienceWithLessThan50PercentageInPG" time="60.676"/>
  <system-out/>
  <testcase classname="com.BEd.Tests.EligibilityCriteriaForGeneral" name="BtechWithMoreThan55Percentage" time="54.272"/>
  <system-out/>
  <testcase classname="com.BEd.Tests.EligibilityCriteriaForGeneral" name="BtechWithLessThan55Percentage" time="55.242"/>
  <system-out/>
</testsuite> <!-- com.BEd.Tests.EligibilityCriteriaForGeneral -->
