<?xml version="1.0" encoding="UTF-8"?>
<!-- Generated by org.testng.reporters.JUnitReportReporter -->
<testsuite skipped="0" hostname="LAPTOP-O7SD66MO" name="com.DElEd.Tests.AgeCriteriaForMaleApplicant" tests="7" failures="0" timestamp="2021-01-12T15:20:47 IST" time="214.310" errors="0">
  <testcase name="Login" time="15.063" classname="com.DElEd.Tests.AgeCriteriaForMaleApplicant"/>
  <system-out/>
  <testcase name="UnreservedMaleApplicantBornBeforeAgeAsOn" time="21.176" classname="com.DElEd.Tests.AgeCriteriaForMaleApplicant"/>
  <system-out/>
  <testcase name="PWDMaleApplicantBornBeforeAgeAsOn" time="18.037" classname="com.DElEd.Tests.AgeCriteriaForMaleApplicant"/>
  <system-out/>
  <testcase name="UnreservedMaleApplicantBornOnAgeAsOn" time="39.113" classname="com.DElEd.Tests.AgeCriteriaForMaleApplicant"/>
  <system-out/>
  <testcase name="PWDMaleApplicantBornOnAgeAsOn" time="40.925" classname="com.DElEd.Tests.AgeCriteriaForMaleApplicant"/>
  <system-out/>
  <testcase name="UnReservedMaleApplicantBornOnAfterAgeAsOn" time="37.058" classname="com.DElEd.Tests.AgeCriteriaForMaleApplicant"/>
  <system-out/>
  <testcase name="PWDMaleApplicantBornOnAfterAgeAsOn" time="42.938" classname="com.DElEd.Tests.AgeCriteriaForMaleApplicant"/>
  <system-out/>
</testsuite> <!-- com.DElEd.Tests.AgeCriteriaForMaleApplicant -->
