<?xml version="1.0" encoding="UTF-8"?>
<!-- Generated by org.testng.reporters.JUnitReportReporter -->
<testsuite hostname="LAPTOP-9060GQE8" failures="0" tests="2" name="com.BHEd.Tests.ApplyingCAFByAppearingGraduate" time="59.567" errors="0" timestamp="2021-08-23T19:57:48 IST" skipped="0">
  <testcase classname="com.BHEd.Tests.ApplyingCAFByAppearingGraduate" name="Login" time="15.429"/>
  <system-out/>
  <testcase classname="com.BHEd.Tests.ApplyingCAFByAppearingGraduate" name="ApplyingCAFByArtsAppearingGraduate" time="44.138"/>
  <system-out/>
</testsuite> <!-- com.BHEd.Tests.ApplyingCAFByAppearingGraduate -->
