<?xml version="1.0" encoding="UTF-8"?>
<!-- Generated by org.testng.reporters.JUnitReportReporter -->
<testsuite hostname="LAPTOP-9060GQE8" failures="0" tests="3" name="com.BHEd.Tests.OdiaCriteria" time="95.350" errors="0" timestamp="2021-08-23T19:57:48 IST" skipped="0">
  <testcase classname="com.BHEd.Tests.OdiaCriteria" name="Login" time="15.086"/>
  <system-out/>
  <testcase classname="com.BHEd.Tests.OdiaCriteria" name="OdiaStudied" time="53.896"/>
  <system-out/>
  <testcase classname="com.BHEd.Tests.OdiaCriteria" name="OdiaNotStudied" time="26.368"/>
  <system-out/>
</testsuite> <!-- com.BHEd.Tests.OdiaCriteria -->
