<?xml version="1.0" encoding="UTF-8"?>
<!-- Generated by org.testng.reporters.JUnitReportReporter -->
<testsuite skipped="0" hostname="LAPTOP-O7SD66MO" name="com.DElEd.Tests.CancelFunctionality" tests="2" failures="0" timestamp="2021-01-12T15:20:47 IST" time="18.476" errors="0">
  <testcase name="Login" time="15.004" classname="com.DElEd.Tests.CancelFunctionality"/>
  <system-out/>
  <testcase name="SuccessfulCancellationofData" time="3.472" classname="com.DElEd.Tests.CancelFunctionality"/>
  <system-out/>
</testsuite> <!-- com.DElEd.Tests.CancelFunctionality -->
