<?xml version="1.0" encoding="UTF-8"?>
<!-- Generated by org.testng.reporters.JUnitReportReporter -->
<testsuite hostname="LAPTOP-9060GQE8" failures="0" tests="4" name="com.BHEd.Tests.AadhaarValidations" time="166.172" errors="0" timestamp="2021-08-23T19:57:48 IST" skipped="0">
  <testcase classname="com.BHEd.Tests.AadhaarValidations" name="Login" time="15.545"/>
  <system-out/>
  <testcase classname="com.BHEd.Tests.AadhaarValidations" name="AadhaarWithValidData" time="55.662"/>
  <system-out/>
  <testcase classname="com.BHEd.Tests.AadhaarValidations" name="AadhaarWithInValidData" time="26.881"/>
  <system-out/>
  <testcase classname="com.BHEd.Tests.AadhaarValidations" name="AcceptanceofDuplicateAadhaar" time="68.084"/>
  <system-out/>
</testsuite> <!-- com.BHEd.Tests.AadhaarValidations -->
