<?xml version="1.0" encoding="UTF-8"?>
<!-- Generated by org.testng.reporters.JUnitReportReporter -->
<testsuite skipped="0" hostname="LAPTOP-O7SD66MO" name="com.DElEd.Tests.LocomotorDisabilityValidations" tests="4" failures="0" timestamp="2021-01-12T15:20:47 IST" time="100.290" errors="0">
  <testcase name="Login" time="12.049" classname="com.DElEd.Tests.LocomotorDisabilityValidations"/>
  <system-out/>
  <testcase name="LocomotorDisabilityWithLessThan40Percentage" time="22.720" classname="com.DElEd.Tests.LocomotorDisabilityValidations"/>
  <system-out/>
  <testcase name="LocomotorDisabilityBetween40To100Percentage" time="43.043" classname="com.DElEd.Tests.LocomotorDisabilityValidations"/>
  <system-out/>
  <testcase name="LocomotorDisabilityWithMoreThan100Percentage" time="22.478" classname="com.DElEd.Tests.LocomotorDisabilityValidations"/>
  <system-out/>
</testsuite> <!-- com.DElEd.Tests.LocomotorDisabilityValidations -->
