<?xml version="1.0" encoding="UTF-8"?>
<!-- Generated by org.testng.reporters.JUnitReportReporter -->
<testsuite skipped="0" hostname="LAPTOP-O7SD66MO" name="com.DElEd.Tests.BIETQuotaOther" tests="4" failures="0" timestamp="2021-01-12T15:20:47 IST" time="69.450" errors="0">
  <testcase name="Login" time="15.388" classname="com.DElEd.Tests.BIETQuotaOther"/>
  <system-out/>
  <testcase name="BIETQuotaForGeneralCandidate" time="17.835" classname="com.DElEd.Tests.BIETQuotaOther"/>
  <system-out/>
  <testcase name="BIETQuotaForSEBCCandidate" time="17.623" classname="com.DElEd.Tests.BIETQuotaOther"/>
  <system-out/>
  <testcase name="BIETQuotaForOOTCandidate" time="18.604" classname="com.DElEd.Tests.BIETQuotaOther"/>
  <system-out/>
</testsuite> <!-- com.DElEd.Tests.BIETQuotaOther -->
