<?xml version="1.0" encoding="UTF-8"?>
<!-- Generated by org.testng.reporters.JUnitReportReporter -->
<testsuite hostname="CSMBHUD299" failures="0" tests="2" name="com.BEd.Tests.SubmissionofCAFWithInvalidData" time="73.942" errors="0" timestamp="2021-03-23T12:56:45 IST" skipped="0">
  <testcase classname="com.BEd.Tests.SubmissionofCAFWithInvalidData" name="Login" time="20.195"/>
  <system-out/>
  <testcase classname="com.BEd.Tests.SubmissionofCAFWithInvalidData" name="SubmissionWithInvalidData" time="53.747"/>
  <system-out/>
</testsuite> <!-- com.BEd.Tests.SubmissionofCAFWithInvalidData -->
