<?xml version="1.0" encoding="UTF-8"?>
<!-- Generated by org.testng.reporters.JUnitReportReporter -->
<testsuite hostname="CSMBHUD299" failures="0" tests="4" name="com.BEd.Tests.PHCategoryValidations" time="134.161" errors="0" timestamp="2021-03-23T12:56:45 IST" skipped="0">
  <testcase classname="com.BEd.Tests.PHCategoryValidations" name="Login" time="17.556"/>
  <system-out/>
  <testcase classname="com.BEd.Tests.PHCategoryValidations" name="PHCategoryWithLessThan40Percentage" time="22.062"/>
  <system-out/>
  <testcase classname="com.BEd.Tests.PHCategoryValidations" name="PHCategoryWithMoreThan100Percentage" time="30.140"/>
  <system-out/>
  <testcase classname="com.BEd.Tests.PHCategoryValidations" name="PHCategoryBetween40To100Percentage" time="64.403"/>
  <system-out/>
</testsuite> <!-- com.BEd.Tests.PHCategoryValidations -->
