<?xml version="1.0" encoding="UTF-8"?>
<!-- Generated by org.testng.reporters.JUnitReportReporter -->
<testsuite hostname="LAPTOP-9060GQE8" failures="0" tests="7" name="com.BHEd.Tests.MarksComparison" time="339.589" errors="0" timestamp="2021-08-23T19:57:48 IST" skipped="0">
  <testcase classname="com.BHEd.Tests.MarksComparison" name="Login" time="17.215"/>
  <system-out/>
  <testcase classname="com.BHEd.Tests.MarksComparison" name="ObtainedMarkIslessthanMaxMark" time="53.002"/>
  <system-out/>
  <testcase classname="com.BHEd.Tests.MarksComparison" name="ObtainedMarkIsEqualToMaxMark" time="62.728"/>
  <system-out/>
  <testcase classname="com.BHEd.Tests.MarksComparison" name="ObtainedMarkIsGreaterThanMaxMark" time="40.064"/>
  <system-out/>
  <testcase classname="com.BHEd.Tests.MarksComparison" name="TwelthMaximumMarkcannotbelessthanMarkObtained" time="48.044"/>
  <system-out/>
  <testcase classname="com.BHEd.Tests.MarksComparison" name="PGMaximumMarkcannotbelessthanMarkObtained" time="63.005"/>
  <system-out/>
  <testcase classname="com.BHEd.Tests.MarksComparison" name="GraduationMaximumMarkcannotbelessthanMarkObtained" time="55.531"/>
  <system-out/>
</testsuite> <!-- com.BHEd.Tests.MarksComparison -->
