<?xml version="1.0" encoding="UTF-8"?>
<!-- Generated by org.testng.reporters.JUnitReportReporter -->
<testsuite hostname="LAPTOP-9060GQE8" failures="0" tests="9" name="com.BHEd.Tests.EligibilityCriteriaForPHCGPA" time="465.396" errors="0" timestamp="2021-08-23T19:57:48 IST" skipped="0">
  <testcase classname="com.BHEd.Tests.EligibilityCriteriaForPHCGPA" name="Login" time="14.516"/>
  <system-out/>
  <testcase classname="com.BHEd.Tests.EligibilityCriteriaForPHCGPA" name="HindiHonoursPassElectiveWithMoreThan45Percentage" time="46.962"/>
  <system-out/>
  <testcase classname="com.BHEd.Tests.EligibilityCriteriaForPHCGPA" name="HindiHonoursPassElectiveWithLessThan45Percentage" time="55.882"/>
  <system-out/>
  <testcase classname="com.BHEd.Tests.EligibilityCriteriaForPHCGPA" name="RastraBhasaRatnaWithMoreThan45Percentage" time="55.506"/>
  <system-out/>
  <testcase classname="com.BHEd.Tests.EligibilityCriteriaForPHCGPA" name="RastraBhasaRatnaWithLessThan45Percentage" time="61.215"/>
  <system-out/>
  <testcase classname="com.BHEd.Tests.EligibilityCriteriaForPHCGPA" name="ShastriFromOdishaWithMoreThan45Percentage" time="54.784"/>
  <system-out/>
  <testcase classname="com.BHEd.Tests.EligibilityCriteriaForPHCGPA" name="ShastriFromOdishaWithLessThan45Percentage" time="60.837"/>
  <system-out/>
  <testcase classname="com.BHEd.Tests.EligibilityCriteriaForPHCGPA" name="SnatakWithMoreThan45Percentage" time="54.804"/>
  <system-out/>
  <testcase classname="com.BHEd.Tests.EligibilityCriteriaForPHCGPA" name="SnatakWithLessThan45Percentage" time="60.890"/>
  <system-out/>
</testsuite> <!-- com.BHEd.Tests.EligibilityCriteriaForPHCGPA -->
