<?xml version="1.0" encoding="UTF-8"?>
<!-- Generated by org.testng.reporters.JUnitReportReporter -->
<testsuite skipped="0" hostname="LAPTOP-O7SD66MO" name="com.DElEd.Tests.YOPComparisons" tests="5" failures="0" timestamp="2021-01-12T15:20:47 IST" time="139.480" errors="0">
  <testcase name="Login" time="15.107" classname="com.DElEd.Tests.YOPComparisons"/>
  <system-out/>
  <testcase name="YOPBetween10thAnd12thWithValidData" time="38.909" classname="com.DElEd.Tests.YOPComparisons"/>
  <system-out/>
  <testcase name="YOPBetween10thAnd12thWithIdenticalData" time="27.733" classname="com.DElEd.Tests.YOPComparisons"/>
  <system-out/>
  <testcase name="YOPBetween10thAnd12thWithDiffLessThan2years" time="28.888" classname="com.DElEd.Tests.YOPComparisons"/>
  <system-out/>
  <testcase name="YOPBetween10thAnd12thWithInvalidData" time="28.843" classname="com.DElEd.Tests.YOPComparisons"/>
  <system-out/>
</testsuite> <!-- com.DElEd.Tests.YOPComparisons -->
