<?xml version="1.0" encoding="UTF-8"?>
<!-- Generated by org.testng.reporters.JUnitReportReporter -->
<testsuite hostname="LAPTOP-9060GQE8" failures="0" tests="7" name="com.BHEd.Tests.AgeCriteriaForFemaleApplicants" time="322.512" errors="0" timestamp="2021-08-23T19:57:48 IST" skipped="0">
  <testcase classname="com.BHEd.Tests.AgeCriteriaForFemaleApplicants" name="Login" time="14.893"/>
  <system-out/>
  <testcase classname="com.BHEd.Tests.AgeCriteriaForFemaleApplicants" name="FemaleApplicantBornBeforeAgeAsOn" time="20.929"/>
  <system-out/>
  <testcase classname="com.BHEd.Tests.AgeCriteriaForFemaleApplicants" name="PWDFemaleApplicantBornBeforeAgeAsOn" time="25.348"/>
  <system-out/>
  <testcase classname="com.BHEd.Tests.AgeCriteriaForFemaleApplicants" name="FemaleApplicantBornOnAgeAsOn" time="62.566"/>
  <system-out/>
  <testcase classname="com.BHEd.Tests.AgeCriteriaForFemaleApplicants" name="PWDFemaleApplicantBornOnAgeAsOn" time="67.917"/>
  <system-out/>
  <testcase classname="com.BHEd.Tests.AgeCriteriaForFemaleApplicants" name="FemaleApplicantBornAfterAgeAsOn" time="63.118"/>
  <system-out/>
  <testcase classname="com.BHEd.Tests.AgeCriteriaForFemaleApplicants" name="PWDFemaleApplicantBornAfterAgeAsOn" time="67.741"/>
  <system-out/>
</testsuite> <!-- com.BHEd.Tests.AgeCriteriaForFemaleApplicants -->
