<?xml version="1.0" encoding="UTF-8"?>
<!-- Generated by org.testng.reporters.JUnitReportReporter -->
<testsuite hostname="CSMBHUD299" failures="0" tests="3" name="com.BEd.Tests.GreenCard" time="99.786" errors="0" timestamp="2021-03-23T12:56:44 IST" skipped="0">
  <testcase classname="com.BEd.Tests.GreenCard" name="Login" time="17.081"/>
  <system-out/>
  <testcase classname="com.BEd.Tests.GreenCard" name="GreenCardWithCertificate" time="54.315"/>
  <system-out/>
  <testcase classname="com.BEd.Tests.GreenCard" name="GreenCardWithoutCertificate" time="28.390"/>
  <system-out/>
</testsuite> <!-- com.BEd.Tests.GreenCard -->
