<?xml version="1.0" encoding="UTF-8"?>
<!-- Generated by org.testng.reporters.JUnitReportReporter -->
<testsuite hostname="CSMBHUD299" failures="0" tests="7" name="com.BEd.Tests.EligibilityCriteriaForSC" time="351.845" errors="0" timestamp="2021-03-23T12:56:44 IST" skipped="0">
  <testcase classname="com.BEd.Tests.EligibilityCriteriaForSC" name="Login" time="18.864"/>
  <system-out/>
  <testcase classname="com.BEd.Tests.EligibilityCriteriaForSC" name="ArtsWithMoreThan45PercentageInGraduation" time="46.708"/>
  <system-out/>
  <testcase classname="com.BEd.Tests.EligibilityCriteriaForSC" name="ArtsWithLessThan45PercentageInGraduation" time="56.372"/>
  <system-out/>
  <testcase classname="com.BEd.Tests.EligibilityCriteriaForSC" name="ScienceWithMoreThan45PercentageInPG" time="59.667"/>
  <system-out/>
  <testcase classname="com.BEd.Tests.EligibilityCriteriaForSC" name="ScienceWithLessThan45PercentageInPG" time="60.785"/>
  <system-out/>
  <testcase classname="com.BEd.Tests.EligibilityCriteriaForSC" name="BtechWithMoreThan50Percentage" time="54.169"/>
  <system-out/>
  <testcase classname="com.BEd.Tests.EligibilityCriteriaForSC" name="BtechWithLessThan50Percentage" time="55.280"/>
  <system-out/>
</testsuite> <!-- com.BEd.Tests.EligibilityCriteriaForSC -->
