<?xml version="1.0" encoding="UTF-8"?>
<!-- Generated by org.testng.reporters.JUnitReportReporter -->
<testsuite hostname="CSMBHUD299" failures="0" tests="2" name="com.BEd.Tests.SubmissionOfCAF" time="70.667" errors="0" timestamp="2021-03-23T12:56:44 IST" skipped="0">
  <testcase classname="com.BEd.Tests.SubmissionOfCAF" name="Login" time="17.569"/>
  <system-out/>
  <testcase classname="com.BEd.Tests.SubmissionOfCAF" name="SuccessfulSubmissionofCAF" time="53.098"/>
  <system-out/>
</testsuite> <!-- com.BEd.Tests.SubmissionOfCAF -->
