<?xml version="1.0" encoding="UTF-8"?>
<!-- Generated by org.testng.reporters.JUnitReportReporter -->
<testsuite hostname="CSMBHUD299" failures="0" tests="7" name="com.BEd.Tests.EligibilityCriteriaForSEBC" time="352.088" errors="0" timestamp="2021-03-23T12:56:44 IST" skipped="0">
  <testcase classname="com.BEd.Tests.EligibilityCriteriaForSEBC" name="Login" time="18.375"/>
  <system-out/>
  <testcase classname="com.BEd.Tests.EligibilityCriteriaForSEBC" name="ArtsWithMoreThan45PercentageInGraduation" time="46.726"/>
  <system-out/>
  <testcase classname="com.BEd.Tests.EligibilityCriteriaForSEBC" name="ArtsWithLessThan45PercentageInGraduation" time="56.878"/>
  <system-out/>
  <testcase classname="com.BEd.Tests.EligibilityCriteriaForSEBC" name="ScienceWithMoreThan45PercentageInPG" time="59.730"/>
  <system-out/>
  <testcase classname="com.BEd.Tests.EligibilityCriteriaForSEBC" name="ScienceWithLessThan45PercentageInPG" time="60.783"/>
  <system-out/>
  <testcase classname="com.BEd.Tests.EligibilityCriteriaForSEBC" name="BtechWithMoreThan50Percentage" time="54.234"/>
  <system-out/>
  <testcase classname="com.BEd.Tests.EligibilityCriteriaForSEBC" name="BtechWithLessThan50Percentage" time="55.362"/>
  <system-out/>
</testsuite> <!-- com.BEd.Tests.EligibilityCriteriaForSEBC -->
