<?xml version="1.0" encoding="UTF-8"?>
<!-- Generated by org.testng.reporters.JUnitReportReporter -->
<testsuite skipped="0" hostname="LAPTOP-O7SD66MO" name="com.DElEd.Tests.ChristianMinorityQuota" tests="4" failures="0" timestamp="2021-01-12T15:20:47 IST" time="93.871" errors="0">
  <testcase name="Login" time="15.313" classname="com.DElEd.Tests.ChristianMinorityQuota"/>
  <system-out/>
  <testcase name="ChristianMinorityQuotaForFemaleCandidates" time="38.925" classname="com.DElEd.Tests.ChristianMinorityQuota"/>
  <system-out/>
  <testcase name="ChristianMinorityQuotaForMaleCandidates" time="19.810" classname="com.DElEd.Tests.ChristianMinorityQuota"/>
  <system-out/>
  <testcase name="ChristianMinorityQuotaForTransgenderCandidates" time="19.823" classname="com.DElEd.Tests.ChristianMinorityQuota"/>
  <system-out/>
</testsuite> <!-- com.DElEd.Tests.ChristianMinorityQuota -->
