<?xml version="1.0" encoding="UTF-8"?>
<!-- Generated by org.testng.reporters.JUnitReportReporter -->
<testsuite hostname="LAPTOP-9060GQE8" failures="0" tests="3" name="com.BHEd.Tests.ApplyingCAFWithDifferentBoards" time="142.220" errors="0" timestamp="2021-08-23T19:57:48 IST" skipped="0">
  <testcase classname="com.BHEd.Tests.ApplyingCAFWithDifferentBoards" name="Login" time="16.222"/>
  <system-out/>
  <testcase classname="com.BHEd.Tests.ApplyingCAFWithDifferentBoards" name="ApplyingCAFByOdishaBoard" time="56.360"/>
  <system-out/>
  <testcase classname="com.BHEd.Tests.ApplyingCAFWithDifferentBoards" name="ApplyingCAFByNonOdishaBoard" time="69.638"/>
  <system-out/>
</testsuite> <!-- com.BHEd.Tests.ApplyingCAFWithDifferentBoards -->
