<?xml version="1.0" encoding="UTF-8"?>
<!-- Generated by org.testng.reporters.JUnitReportReporter -->
<testsuite hostname="CSMBHUD299" failures="0" tests="3" name="com.BEd.Tests.StateQuotaForOOT" time="161.956" errors="0" timestamp="2021-03-23T12:56:44 IST" skipped="0">
  <testcase classname="com.BEd.Tests.StateQuotaForOOT" name="Login" time="16.588"/>
  <system-out/>
  <testcase classname="com.BEd.Tests.StateQuotaForOOT" name="StateQuotaForOOTCandidatesWithOdia" time="86.186"/>
  <system-out/>
  <testcase classname="com.BEd.Tests.StateQuotaForOOT" name="StateQuotaForOOTCandidatesWithoutOdia" time="59.182"/>
  <system-out/>
</testsuite> <!-- com.BEd.Tests.StateQuotaForOOT -->
