<?xml version="1.0" encoding="UTF-8"?>
<!-- Generated by org.testng.reporters.JUnitReportReporter -->
<testsuite skipped="0" hostname="LAPTOP-O7SD66MO" name="com.DElEd.Tests.MobileNoComparison" tests="4" failures="0" timestamp="2021-01-12T15:20:47 IST" time="111.235" errors="0">
  <testcase name="Login" time="15.284" classname="com.DElEd.Tests.MobileNoComparison"/>
  <system-out/>
  <testcase name="DifferentRegisteredMobileNoAlternateMobileNo" time="40.806" classname="com.DElEd.Tests.MobileNoComparison"/>
  <system-out/>
  <testcase name="IdenticalRegisteredMobileNoAlternateMobileNo" time="21.742" classname="com.DElEd.Tests.MobileNoComparison"/>
  <system-out/>
  <testcase name="AcceptanceofDuplicateAlternateMobileNo" time="33.403" classname="com.DElEd.Tests.MobileNoComparison"/>
  <system-out/>
</testsuite> <!-- com.DElEd.Tests.MobileNoComparison -->
