<?xml version="1.0" encoding="UTF-8"?>
<!-- Generated by org.testng.reporters.JUnitReportReporter -->
<testsuite hostname="CSMBHUD299" failures="0" tests="7" name="com.BEd.Tests.MarksComparison" time="335.250" errors="0" timestamp="2021-03-23T12:56:44 IST" skipped="0">
  <testcase classname="com.BEd.Tests.MarksComparison" name="Login" time="17.513"/>
  <system-out/>
  <testcase classname="com.BEd.Tests.MarksComparison" name="ObtainedMarkIslessthanMaxMark" time="52.191"/>
  <system-out/>
  <testcase classname="com.BEd.Tests.MarksComparison" name="ObtainedMarkIsEqualToMaxMark" time="60.421"/>
  <system-out/>
  <testcase classname="com.BEd.Tests.MarksComparison" name="ObtainedMarkIsGreaterThanMaxMark" time="41.171"/>
  <system-out/>
  <testcase classname="com.BEd.Tests.MarksComparison" name="TwelthMaximumMarkcannotbelessthanMarkObtained" time="48.311"/>
  <system-out/>
  <testcase classname="com.BEd.Tests.MarksComparison" name="PGMaximumMarkcannotbelessthanMarkObtained" time="60.679"/>
  <system-out/>
  <testcase classname="com.BEd.Tests.MarksComparison" name="GraduationMaximumMarkcannotbelessthanMarkObtained" time="54.964"/>
  <system-out/>
</testsuite> <!-- com.BEd.Tests.MarksComparison -->
