<?xml version="1.0" encoding="UTF-8"?>
<!-- Generated by org.testng.reporters.JUnitReportReporter -->
<testsuite skipped="0" hostname="LAPTOP-O7SD66MO" name="com.DElEd.Tests.RollNoComparison" tests="3" failures="0" timestamp="2021-01-12T15:20:47 IST" time="90.650" errors="0">
  <testcase name="Login" time="14.988" classname="com.DElEd.Tests.RollNoComparison"/>
  <system-out/>
  <testcase name="RollNoComparisonWithDiffData" time="38.945" classname="com.DElEd.Tests.RollNoComparison"/>
  <system-out/>
  <testcase name="RollNoComparisonWithSameData" time="36.717" classname="com.DElEd.Tests.RollNoComparison"/>
  <system-out/>
</testsuite> <!-- com.DElEd.Tests.RollNoComparison -->
