<?xml version="1.0" encoding="UTF-8"?>
<!-- Generated by org.testng.reporters.JUnitReportReporter -->
<testsuite hostname="CSMBHUD299" failures="0" tests="3" name="com.BEd.Tests.ApplyingCAFWithDifferentBoards" time="138.822" errors="0" timestamp="2021-03-23T12:56:45 IST" skipped="0">
  <testcase classname="com.BEd.Tests.ApplyingCAFWithDifferentBoards" name="Login" time="23.286"/>
  <system-out/>
  <testcase classname="com.BEd.Tests.ApplyingCAFWithDifferentBoards" name="ApplyingCAFByOdishaBoard" time="54.488"/>
  <system-out/>
  <testcase classname="com.BEd.Tests.ApplyingCAFWithDifferentBoards" name="ApplyingCAFByNonOdishaBoard" time="61.048"/>
  <system-out/>
</testsuite> <!-- com.BEd.Tests.ApplyingCAFWithDifferentBoards -->
