<?xml version="1.0" encoding="UTF-8"?>
<!-- Generated by org.testng.reporters.JUnitReportReporter -->
<testsuite skipped="0" hostname="LAPTOP-O7SD66MO" name="com.DElEd.Tests.SubmissionofCAFWithInvalidData" tests="2" failures="0" timestamp="2021-01-12T15:20:47 IST" time="54.106" errors="0">
  <testcase name="Login" time="15.044" classname="com.DElEd.Tests.SubmissionofCAFWithInvalidData"/>
  <system-out/>
  <testcase name="SubmissionWithInvalidData" time="39.062" classname="com.DElEd.Tests.SubmissionofCAFWithInvalidData"/>
  <system-out/>
</testsuite> <!-- com.DElEd.Tests.SubmissionofCAFWithInvalidData -->
