<?xml version="1.0" encoding="UTF-8"?>
<!-- Generated by org.testng.reporters.JUnitReportReporter -->
<testsuite hostname="LAPTOP-9060GQE8" failures="0" tests="7" name="com.BHEd.Tests.EligibilityCriteria10th12thCGPA" time="318.132" errors="0" timestamp="2021-08-23T19:57:48 IST" skipped="0">
  <testcase classname="com.BHEd.Tests.EligibilityCriteria10th12thCGPA" name="Login" time="16.258"/>
  <system-out/>
  <testcase classname="com.BHEd.Tests.EligibilityCriteria10th12thCGPA" name="GeneralWithMoreThan33PercentageIn10th" time="45.737"/>
  <system-out/>
  <testcase classname="com.BHEd.Tests.EligibilityCriteria10th12thCGPA" name="GeneralWithExactly33PercentageIn10th" time="50.047"/>
  <system-out/>
  <testcase classname="com.BHEd.Tests.EligibilityCriteria10th12thCGPA" name="GeneralWithLessThan33PercentageIn10th" time="52.857"/>
  <system-out/>
  <testcase classname="com.BHEd.Tests.EligibilityCriteria10th12thCGPA" name="GeneralWithMoreThan33PercentageIn12th" time="50.951"/>
  <system-out/>
  <testcase classname="com.BHEd.Tests.EligibilityCriteria10th12thCGPA" name="GeneralWithExactly33PercentageIn12th" time="50.978"/>
  <system-out/>
  <testcase classname="com.BHEd.Tests.EligibilityCriteria10th12thCGPA" name="GeneralWithLessThan33PercentageIn12th" time="51.304"/>
  <system-out/>
</testsuite> <!-- com.BHEd.Tests.EligibilityCriteria10th12thCGPA -->
