<?xml version="1.0" encoding="UTF-8"?>
<!-- Generated by org.testng.reporters.JUnitReportReporter -->
<testsuite skipped="0" hostname="LAPTOP-O7SD66MO" name="com.DElEd.Tests.ApplyingCAFWithDifferentBoards" tests="3" failures="0" timestamp="2021-01-12T15:20:47 IST" time="94.035" errors="0">
  <testcase name="Login" time="16.343" classname="com.DElEd.Tests.ApplyingCAFWithDifferentBoards"/>
  <system-out/>
  <testcase name="ApplyingCAFByOdishaBoard" time="40.512" classname="com.DElEd.Tests.ApplyingCAFWithDifferentBoards"/>
  <system-out/>
  <testcase name="ApplyingCAFByNonOdishaBoard" time="37.180" classname="com.DElEd.Tests.ApplyingCAFWithDifferentBoards"/>
  <system-out/>
</testsuite> <!-- com.DElEd.Tests.ApplyingCAFWithDifferentBoards -->
