<?xml version="1.0" encoding="UTF-8"?>
<!-- Generated by org.testng.reporters.JUnitReportReporter -->
<testsuite hostname="LAPTOP-9060GQE8" failures="0" tests="9" name="com.BHEd.Tests.EligibilityCriteriaForSTCGPA" time="432.757" errors="0" timestamp="2021-08-23T19:57:48 IST" skipped="0">
  <testcase classname="com.BHEd.Tests.EligibilityCriteriaForSTCGPA" name="Login" time="14.983"/>
  <system-out/>
  <testcase classname="com.BHEd.Tests.EligibilityCriteriaForSTCGPA" name="HindiHonoursPassElectiveWithMoreThan45Percentage" time="42.942"/>
  <system-out/>
  <testcase classname="com.BHEd.Tests.EligibilityCriteriaForSTCGPA" name="HindiHonoursPassElectiveWithLessThan45Percentage" time="51.552"/>
  <system-out/>
  <testcase classname="com.BHEd.Tests.EligibilityCriteriaForSTCGPA" name="RastraBhasaRatnaWithMoreThan45Percentage" time="51.287"/>
  <system-out/>
  <testcase classname="com.BHEd.Tests.EligibilityCriteriaForSTCGPA" name="RastraBhasaRatnaWithLessThan45Percentage" time="57.190"/>
  <system-out/>
  <testcase classname="com.BHEd.Tests.EligibilityCriteriaForSTCGPA" name="ShastriFromOdishaWithMoreThan45Percentage" time="50.768"/>
  <system-out/>
  <testcase classname="com.BHEd.Tests.EligibilityCriteriaForSTCGPA" name="ShastriFromOdishaWithLessThan45Percentage" time="56.866"/>
  <system-out/>
  <testcase classname="com.BHEd.Tests.EligibilityCriteriaForSTCGPA" name="SnatakWithMoreThan45Percentage" time="50.370"/>
  <system-out/>
  <testcase classname="com.BHEd.Tests.EligibilityCriteriaForSTCGPA" name="SnatakWithLessThan45Percentage" time="56.799"/>
  <system-out/>
</testsuite> <!-- com.BHEd.Tests.EligibilityCriteriaForSTCGPA -->
