<?xml version="1.0" encoding="UTF-8"?>
<!-- Generated by org.testng.reporters.JUnitReportReporter -->
<testsuite skipped="0" hostname="LAPTOP-O7SD66MO" name="com.DElEd.Tests.UrduQuota" tests="4" failures="0" timestamp="2021-01-12T15:20:47 IST" time="94.774" errors="0">
  <testcase name="Login" time="15.331" classname="com.DElEd.Tests.UrduQuota"/>
  <system-out/>
  <testcase name="UrduQuotaWithUrdu" time="38.885" classname="com.DElEd.Tests.UrduQuota"/>
  <system-out/>
  <testcase name="UrduQuotaWithoutUrdu" time="20.940" classname="com.DElEd.Tests.UrduQuota"/>
  <system-out/>
  <testcase name="UrduQuotaForOOTCandidates" time="19.618" classname="com.DElEd.Tests.UrduQuota"/>
  <system-out/>
</testsuite> <!-- com.DElEd.Tests.UrduQuota -->
