<?xml version="1.0" encoding="UTF-8"?>
<!-- Generated by org.testng.reporters.JUnitReportReporter -->
<testsuite hostname="LAPTOP-9060GQE8" failures="0" tests="2" name="com.BHEd.Tests.ReadonlyMobileNo" time="16.888" errors="0" timestamp="2021-08-23T19:57:48 IST" skipped="0">
  <testcase classname="com.BHEd.Tests.ReadonlyMobileNo" name="Login" time="15.124"/>
  <system-out/>
  <testcase classname="com.BHEd.Tests.ReadonlyMobileNo" name="MobileNoDisability" time="1.764"/>
  <system-out/>
</testsuite> <!-- com.BHEd.Tests.ReadonlyMobileNo -->
