<?xml version="1.0" encoding="UTF-8"?>
<!-- Generated by org.testng.reporters.JUnitReportReporter -->
<testsuite skipped="0" hostname="LAPTOP-O7SD66MO" name="com.DElEd.Tests.StateQuotaForOOT" tests="3" failures="0" timestamp="2021-01-12T15:20:47 IST" time="142.265" errors="0">
  <testcase name="Login" time="15.293" classname="com.DElEd.Tests.StateQuotaForOOT"/>
  <system-out/>
  <testcase name="StateQuotaForOOTCandidatesWithOdia" time="75.691" classname="com.DElEd.Tests.StateQuotaForOOT"/>
  <system-out/>
  <testcase name="StateQuotaForOOTCandidatesWithoutOdia" time="51.281" classname="com.DElEd.Tests.StateQuotaForOOT"/>
  <system-out/>
</testsuite> <!-- com.DElEd.Tests.StateQuotaForOOT -->
