<?xml version="1.0" encoding="UTF-8"?>
<!-- Generated by org.testng.reporters.JUnitReportReporter -->
<testsuite hostname="CSMBHUD299" failures="0" tests="7" name="com.BEd.Tests.AgeCriteriaForSCApplicants" time="319.839" errors="0" timestamp="2021-03-23T12:56:44 IST" skipped="0">
  <testcase classname="com.BEd.Tests.AgeCriteriaForSCApplicants" name="Login" time="18.862"/>
  <system-out/>
  <testcase classname="com.BEd.Tests.AgeCriteriaForSCApplicants" name="SCApplicantBornBeforeAgeAsOn" time="21.062"/>
  <system-out/>
  <testcase classname="com.BEd.Tests.AgeCriteriaForSCApplicants" name="PWDSCApplicantBornBeforeAgeAsOn" time="25.642"/>
  <system-out/>
  <testcase classname="com.BEd.Tests.AgeCriteriaForSCApplicants" name="SCApplicantBornOnAgeAsOn" time="60.783"/>
  <system-out/>
  <testcase classname="com.BEd.Tests.AgeCriteriaForSCApplicants" name="PWDSCApplicantBornOnAgeAsOn" time="66.141"/>
  <system-out/>
  <testcase classname="com.BEd.Tests.AgeCriteriaForSCApplicants" name="SCApplicantBornAfterAgeAsOn" time="61.163"/>
  <system-out/>
  <testcase classname="com.BEd.Tests.AgeCriteriaForSCApplicants" name="PWDSCApplicantBornAfterAgeAsOn" time="66.186"/>
  <system-out/>
</testsuite> <!-- com.BEd.Tests.AgeCriteriaForSCApplicants -->
