<?xml version="1.0" encoding="UTF-8"?>
<!-- Generated by org.testng.reporters.JUnitReportReporter -->
<testsuite skipped="0" hostname="LAPTOP-O7SD66MO" name="com.DElEd.Tests.AgeValidations" tests="2" failures="0" timestamp="2021-01-12T15:20:47 IST" time="19.153" errors="0">
  <testcase name="Login" time="15.142" classname="com.DElEd.Tests.AgeValidations"/>
  <system-out/>
  <testcase name="MinimumAgeForCAFApply" time="4.011" classname="com.DElEd.Tests.AgeValidations"/>
  <system-out/>
</testsuite> <!-- com.DElEd.Tests.AgeValidations -->
